#
# There is insufficient memory for the Java Runtime Environment to continue.
# Native memory allocation (malloc) failed to allocate 1536176 bytes for Chunk::new
# Possible reasons:
#   The system is out of physical RAM or swap space
#   In 32 bit mode, the process size limit was hit
# Possible solutions:
#   Reduce memory load on the system
#   Increase physical memory or swap space
#   Check if swap backing store is full
#   Use 64 bit Java on a 64 bit OS
#   Decrease Java heap size (-Xmx/-Xms)
#   Decrease number of Java threads
#   Decrease Java thread stack sizes (-Xss)
#   Set larger code cache with -XX:ReservedCodeCacheSize=
# This output file may be truncated or incomplete.
#
#  Out of Memory Error (allocation.cpp:390), pid=41784, tid=0x0000000000009538
#
# JRE version: OpenJDK Runtime Environment (8.0) (build 1.8.0-adoptopenjdk-_2018_05_19_00_59-b00)
# Java VM: OpenJDK 64-Bit Server VM (25.71-b00 mixed mode windows-amd64 compressed oops)
# Failed to write core dump. Minidumps are not enabled by default on client versions of Windows
#

---------------  T H R E A D  ---------------

Current thread (0x0000000017c32800):  JavaThread "C2 CompilerThread1" daemon [_thread_in_native, id=38200, stack(0x00000000193a0000,0x00000000194a0000)]

Stack: [0x00000000193a0000,0x00000000194a0000]
[error occurred during error reporting (printing stack bounds), id 0xc0000005]

Native frames: (J=compiled Java code, j=interpreted, Vv=VM code, C=native code)


Current CompileTask:
C2:  13023 5373   !   4       java.util.Formatter::format (271 bytes)


---------------  P R O C E S S  ---------------

Java Threads: ( => current thread )
  0x000000001e491800 JavaThread "Cache worker for execution history cache (C:\Users\HP\Desktop\game\project2\Temp\PlayServicesResolverGradle\.gradle\5.1.1\executionHistory)" [_thread_blocked, id=8156, stack(0x0000000023520000,0x0000000023620000)]
  0x000000001e498800 JavaThread "Execution worker for ':' Thread 3" [_thread_in_native, id=40336, stack(0x0000000023420000,0x0000000023520000)]
  0x000000001e495800 JavaThread "Execution worker for ':' Thread 2" [_thread_blocked, id=38440, stack(0x0000000022ce0000,0x0000000022de0000)]
  0x000000001e494800 JavaThread "Execution worker for ':'" [_thread_blocked, id=2432, stack(0x00000000229c0000,0x0000000022ac0000)]
  0x000000001e491000 JavaThread "Cache worker for Build Output Cleanup Cache (C:\Users\HP\Desktop\game\project2\Temp\PlayServicesResolverGradle\.gradle\buildOutputCleanup)" [_thread_blocked, id=27956, stack(0x00000000227c0000,0x00000000228c0000)]
  0x000000001e497800 JavaThread "Build operations Thread 4" [_thread_blocked, id=24020, stack(0x00000000226c0000,0x00000000227c0000)]
  0x000000001e497000 JavaThread "Build operations Thread 3" [_thread_blocked, id=21640, stack(0x00000000213e0000,0x00000000214e0000)]
  0x000000001a57b800 JavaThread "Build operations Thread 2" [_thread_blocked, id=20052, stack(0x0000000021010000,0x0000000021110000)]
  0x000000001a57b000 JavaThread "Build operations" [_thread_blocked, id=31876, stack(0x0000000020f10000,0x0000000021010000)]
  0x000000001df18000 JavaThread "Cache worker for execution history cache (C:\Users\HP\.gradle\caches\5.1.1\executionHistory)" [_thread_blocked, id=40688, stack(0x0000000020e10000,0x0000000020f10000)]
  0x000000001e131800 JavaThread "Cache worker for cache directory md-rule (C:\Users\HP\.gradle\caches\5.1.1\md-rule)" [_thread_blocked, id=40700, stack(0x000000001f520000,0x000000001f620000)]
  0x000000001bff7000 JavaThread "Cache worker for cache directory md-supplier (C:\Users\HP\.gradle\caches\5.1.1\md-supplier)" [_thread_blocked, id=38904, stack(0x0000000020b10000,0x0000000020c10000)]
  0x000000001c15a000 JavaThread "Cache worker for file hash cache (C:\Users\HP\Desktop\game\project2\Temp\PlayServicesResolverGradle\.gradle\5.1.1\fileHashes)" [_thread_blocked, id=41392, stack(0x000000001ce80000,0x000000001cf80000)]
  0x000000001ae5e000 JavaThread "Cache worker for journal cache (C:\Users\HP\.gradle\caches\journal-1)" [_thread_blocked, id=38900, stack(0x000000001b870000,0x000000001b970000)]
  0x000000001ae5d000 JavaThread "File lock request listener" [_thread_in_native, id=40804, stack(0x000000001b770000,0x000000001b870000)]
  0x000000001aec7800 JavaThread "Cache worker for file hash cache (C:\Users\HP\.gradle\caches\5.1.1\fileHashes)" [_thread_blocked, id=41280, stack(0x000000001b670000,0x000000001b770000)]
  0x000000001a0e1000 JavaThread "pool-1-thread-1" [_thread_blocked, id=40936, stack(0x000000001a3a0000,0x000000001a4a0000)]
  0x00000000195d0800 JavaThread "Service Thread" daemon [_thread_blocked, id=33028, stack(0x00000000199a0000,0x0000000019aa0000)]
  0x0000000017c3b000 JavaThread "C1 CompilerThread2" daemon [_thread_blocked, id=41924, stack(0x00000000194a0000,0x00000000195a0000)]
=>0x0000000017c32800 JavaThread "C2 CompilerThread1" daemon [_thread_in_native, id=38200, stack(0x00000000193a0000,0x00000000194a0000)]
  0x0000000017c2f800 JavaThread "C2 CompilerThread0" daemon [_thread_in_native, id=40484, stack(0x00000000192a0000,0x00000000193a0000)]
  0x0000000017c2e000 JavaThread "Attach Listener" daemon [_thread_blocked, id=41716, stack(0x00000000191a0000,0x00000000192a0000)]
  0x0000000017c2d000 JavaThread "Signal Dispatcher" daemon [_thread_blocked, id=27932, stack(0x00000000190a0000,0x00000000191a0000)]
  0x0000000017c18800 JavaThread "Finalizer" daemon [_thread_blocked, id=38588, stack(0x0000000018ea0000,0x0000000018fa0000)]
  0x00000000030b3800 JavaThread "Reference Handler" daemon [_thread_blocked, id=25712, stack(0x0000000018da0000,0x0000000018ea0000)]
  0x0000000002fbe800 JavaThread "main" [_thread_blocked, id=7664, stack(0x0000000002df0000,0x0000000002ef0000)]

Other Threads:
  0x0000000017bf3800 VMThread [stack: 0x0000000018ca0000,0x0000000018da0000] [id=31716]
  0x0000000017c8e800 WatcherThread [stack: 0x0000000019aa0000,0x0000000019ba0000] [id=39428]

VM state:not at safepoint (normal execution)

VM Mutex/Monitor currently owned by a thread: None

Heap:
 PSYoungGen      total 194048K, used 132232K [0x00000000d5c00000, 0x00000000e2480000, 0x0000000100000000)
  eden space 182784K, 72% used [0x00000000d5c00000,0x00000000ddcaa3a0,0x00000000e0e80000)
  from space 11264K, 4% used [0x00000000e0e80000,0x00000000e0ef8000,0x00000000e1980000)
  to   space 10752K, 0% used [0x00000000e1a00000,0x00000000e1a00000,0x00000000e2480000)
 ParOldGen       total 109056K, used 27861K [0x0000000081400000, 0x0000000087e80000, 0x00000000d5c00000)
  object space 109056K, 25% used [0x0000000081400000,0x0000000082f35708,0x0000000087e80000)
 Metaspace       used 40620K, capacity 41922K, committed 42072K, reserved 1085440K
  class space    used 5549K, capacity 5960K, committed 6016K, reserved 1048576K

Card table byte_map: [0x0000000012480000,0x0000000012880000] byte_map_base: 0x0000000012076000

Marking Bits: (ParMarkBitMap*) 0x000000005871be50
 Begin Bits: [0x0000000012f30000, 0x0000000014ee0000)
 End Bits:   [0x0000000014ee0000, 0x0000000016e90000)

Polling page: 0x00000000015a0000

CodeCache: size=245760Kb used=16088Kb max_used=17706Kb free=229671Kb
 bounds [0x00000000030c0000, 0x0000000004220000, 0x00000000120c0000]
 total_blobs=5337 nmethods=4621 adapters=629
 compilation: enabled

Compilation events (10 events):
Event: 13.016 Thread 0x0000000017c3b000 5597       3       org.gradle.internal.serialize.AbstractDecoder::readBytes (9 bytes)
Event: 13.016 Thread 0x0000000017c3b000 nmethod 5597 0x0000000003ad9850 code [0x0000000003ad99c0, 0x0000000003ad9be8]
Event: 13.016 Thread 0x0000000017c3b000 5598   !   3       org.gradle.internal.serialize.kryo.KryoBackedDecoder::readBytes (23 bytes)
Event: 13.017 Thread 0x0000000017c3b000 nmethod 5598 0x0000000003221210 code [0x00000000032213e0, 0x0000000003221a48]
Event: 13.017 Thread 0x0000000017c3b000 5599       1       org.gradle.api.internal.file.copy.DefaultCopySpec::access$800 (5 bytes)
Event: 13.017 Thread 0x0000000017c3b000 nmethod 5599 0x00000000033d7bd0 code [0x00000000033d7d20, 0x00000000033d7e10]
Event: 13.018 Thread 0x0000000017c3b000 5600       3       org.gradle.internal.logging.progress.DefaultProgressLoggerFactory$ProgressLoggerImpl::ensureNotNull (11 bytes)
Event: 13.018 Thread 0x0000000017c3b000 nmethod 5600 0x00000000033d7850 code [0x00000000033d79a0, 0x00000000033d7b50]
Event: 13.018 Thread 0x0000000017c3b000 5601       3       org.gradle.internal.operations.DefaultBuildOperationExecutor$BuildOperationState::getStartTime (5 bytes)
Event: 13.018 Thread 0x0000000017c3b000 nmethod 5601 0x00000000035b9610 code [0x00000000035b9760, 0x00000000035b98b0]

GC Heap History (10 events):
Event: 11.758 GC heap before
{Heap before GC invocations=27 (full 2):
 PSYoungGen      total 193536K, used 184673K [0x00000000d5c00000, 0x00000000e2480000, 0x0000000100000000)
  eden space 182784K, 100% used [0x00000000d5c00000,0x00000000e0e80000,0x00000000e0e80000)
  from space 10752K, 17% used [0x00000000e1a00000,0x00000000e1bd8738,0x00000000e2480000)
  to   space 11264K, 0% used [0x00000000e0e80000,0x00000000e0e80000,0x00000000e1980000)
 ParOldGen       total 109056K, used 26899K [0x0000000081400000, 0x0000000087e80000, 0x00000000d5c00000)
  object space 109056K, 24% used [0x0000000081400000,0x0000000082e44d88,0x0000000087e80000)
 Metaspace       used 38160K, capacity 39168K, committed 39256K, reserved 1083392K
  class space    used 5144K, capacity 5475K, committed 5504K, reserved 1048576K
Event: 11.762 GC heap after
Heap after GC invocations=27 (full 2):
 PSYoungGen      total 194048K, used 2521K [0x00000000d5c00000, 0x00000000e2480000, 0x0000000100000000)
  eden space 182784K, 0% used [0x00000000d5c00000,0x00000000d5c00000,0x00000000e0e80000)
  from space 11264K, 22% used [0x00000000e0e80000,0x00000000e10f6610,0x00000000e1980000)
  to   space 10752K, 0% used [0x00000000e1a00000,0x00000000e1a00000,0x00000000e2480000)
 ParOldGen       total 109056K, used 26899K [0x0000000081400000, 0x0000000087e80000, 0x00000000d5c00000)
  object space 109056K, 24% used [0x0000000081400000,0x0000000082e44d88,0x0000000087e80000)
 Metaspace       used 38160K, capacity 39168K, committed 39256K, reserved 1083392K
  class space    used 5144K, capacity 5475K, committed 5504K, reserved 1048576K
}
Event: 11.844 GC heap before
{Heap before GC invocations=28 (full 2):
 PSYoungGen      total 194048K, used 185305K [0x00000000d5c00000, 0x00000000e2480000, 0x0000000100000000)
  eden space 182784K, 100% used [0x00000000d5c00000,0x00000000e0e80000,0x00000000e0e80000)
  from space 11264K, 22% used [0x00000000e0e80000,0x00000000e10f6610,0x00000000e1980000)
  to   space 10752K, 0% used [0x00000000e1a00000,0x00000000e1a00000,0x00000000e2480000)
 ParOldGen       total 109056K, used 26899K [0x0000000081400000, 0x0000000087e80000, 0x00000000d5c00000)
  object space 109056K, 24% used [0x0000000081400000,0x0000000082e44d88,0x0000000087e80000)
 Metaspace       used 38198K, capacity 39206K, committed 39384K, reserved 1083392K
  class space    used 5151K, capacity 5508K, committed 5632K, reserved 1048576K
Event: 11.847 GC heap after
Heap after GC invocations=28 (full 2):
 PSYoungGen      total 193536K, used 2506K [0x00000000d5c00000, 0x00000000e2480000, 0x0000000100000000)
  eden space 182784K, 0% used [0x00000000d5c00000,0x00000000d5c00000,0x00000000e0e80000)
  from space 10752K, 23% used [0x00000000e1a00000,0x00000000e1c72ad8,0x00000000e2480000)
  to   space 11264K, 0% used [0x00000000e0e80000,0x00000000e0e80000,0x00000000e1980000)
 ParOldGen       total 109056K, used 27405K [0x0000000081400000, 0x0000000087e80000, 0x00000000d5c00000)
  object space 109056K, 25% used [0x0000000081400000,0x0000000082ec36f8,0x0000000087e80000)
 Metaspace       used 38198K, capacity 39206K, committed 39384K, reserved 1083392K
  class space    used 5151K, capacity 5508K, committed 5632K, reserved 1048576K
}
Event: 11.910 GC heap before
{Heap before GC invocations=29 (full 2):
 PSYoungGen      total 193536K, used 185290K [0x00000000d5c00000, 0x00000000e2480000, 0x0000000100000000)
  eden space 182784K, 100% used [0x00000000d5c00000,0x00000000e0e80000,0x00000000e0e80000)
  from space 10752K, 23% used [0x00000000e1a00000,0x00000000e1c72ad8,0x00000000e2480000)
  to   space 11264K, 0% used [0x00000000e0e80000,0x00000000e0e80000,0x00000000e1980000)
 ParOldGen       total 109056K, used 27405K [0x0000000081400000, 0x0000000087e80000, 0x00000000d5c00000)
  object space 109056K, 25% used [0x0000000081400000,0x0000000082ec36f8,0x0000000087e80000)
 Metaspace       used 38198K, capacity 39206K, committed 39384K, reserved 1083392K
  class space    used 5151K, capacity 5508K, committed 5632K, reserved 1048576K
Event: 11.915 GC heap after
Heap after GC invocations=29 (full 2):
 PSYoungGen      total 194048K, used 2282K [0x00000000d5c00000, 0x00000000e2480000, 0x0000000100000000)
  eden space 182784K, 0% used [0x00000000d5c00000,0x00000000d5c00000,0x00000000e0e80000)
  from space 11264K, 20% used [0x00000000e0e80000,0x00000000e10baad8,0x00000000e1980000)
  to   space 10752K, 0% used [0x00000000e1a00000,0x00000000e1a00000,0x00000000e2480000)
 ParOldGen       total 109056K, used 27573K [0x0000000081400000, 0x0000000087e80000, 0x00000000d5c00000)
  object space 109056K, 25% used [0x0000000081400000,0x0000000082eed6f8,0x0000000087e80000)
 Metaspace       used 38198K, capacity 39206K, committed 39384K, reserved 1083392K
  class space    used 5151K, capacity 5508K, committed 5632K, reserved 1048576K
}
Event: 11.969 GC heap before
{Heap before GC invocations=30 (full 2):
 PSYoungGen      total 194048K, used 185066K [0x00000000d5c00000, 0x00000000e2480000, 0x0000000100000000)
  eden space 182784K, 100% used [0x00000000d5c00000,0x00000000e0e80000,0x00000000e0e80000)
  from space 11264K, 20% used [0x00000000e0e80000,0x00000000e10baad8,0x00000000e1980000)
  to   space 10752K, 0% used [0x00000000e1a00000,0x00000000e1a00000,0x00000000e2480000)
 ParOldGen       total 109056K, used 27573K [0x0000000081400000, 0x0000000087e80000, 0x00000000d5c00000)
  object space 109056K, 25% used [0x0000000081400000,0x0000000082eed6f8,0x0000000087e80000)
 Metaspace       used 38198K, capacity 39206K, committed 39384K, reserved 1083392K
  class space    used 5151K, capacity 5508K, committed 5632K, reserved 1048576K
Event: 11.972 GC heap after
Heap after GC invocations=30 (full 2):
 PSYoungGen      total 193536K, used 2026K [0x00000000d5c00000, 0x00000000e2480000, 0x0000000100000000)
  eden space 182784K, 0% used [0x00000000d5c00000,0x00000000d5c00000,0x00000000e0e80000)
  from space 10752K, 18% used [0x00000000e1a00000,0x00000000e1bfaac8,0x00000000e2480000)
  to   space 11264K, 0% used [0x00000000e0e80000,0x00000000e0e80000,0x00000000e1980000)
 ParOldGen       total 109056K, used 27837K [0x0000000081400000, 0x0000000087e80000, 0x00000000d5c00000)
  object space 109056K, 25% used [0x0000000081400000,0x0000000082f2f708,0x0000000087e80000)
 Metaspace       used 38198K, capacity 39206K, committed 39384K, reserved 1083392K
  class space    used 5151K, capacity 5508K, committed 5632K, reserved 1048576K
}
Event: 12.065 GC heap before
{Heap before GC invocations=31 (full 2):
 PSYoungGen      total 193536K, used 184810K [0x00000000d5c00000, 0x00000000e2480000, 0x0000000100000000)
  eden space 182784K, 100% used [0x00000000d5c00000,0x00000000e0e80000,0x00000000e0e80000)
  from space 10752K, 18% used [0x00000000e1a00000,0x00000000e1bfaac8,0x00000000e2480000)
  to   space 11264K, 0% used [0x00000000e0e80000,0x00000000e0e80000,0x00000000e1980000)
 ParOldGen       total 109056K, used 27837K [0x0000000081400000, 0x0000000087e80000, 0x00000000d5c00000)
  object space 109056K, 25% used [0x0000000081400000,0x0000000082f2f708,0x0000000087e80000)
 Metaspace       used 38248K, capacity 39344K, committed 39640K, reserved 1083392K
  class space    used 5159K, capacity 5510K, committed 5632K, reserved 1048576K
Event: 12.068 GC heap after
Heap after GC invocations=31 (full 2):
 PSYoungGen      total 194048K, used 480K [0x00000000d5c00000, 0x00000000e2480000, 0x0000000100000000)
  eden space 182784K, 0% used [0x00000000d5c00000,0x00000000d5c00000,0x00000000e0e80000)
  from space 11264K, 4% used [0x00000000e0e80000,0x00000000e0ef8000,0x00000000e1980000)
  to   space 10752K, 0% used [0x00000000e1a00000,0x00000000e1a00000,0x00000000e2480000)
 ParOldGen       total 109056K, used 27861K [0x0000000081400000, 0x0000000087e80000, 0x00000000d5c00000)
  object space 109056K, 25% used [0x0000000081400000,0x0000000082f35708,0x0000000087e80000)
 Metaspace       used 38248K, capacity 39344K, committed 39640K, reserved 1083392K
  class space    used 5159K, capacity 5510K, committed 5632K, reserved 1048576K
}

Deoptimization events (10 events):
Event: 12.782 Thread 0x0000000002fbe800 Uncommon trap: reason=class_check action=maybe_recompile pc=0x0000000003204db8 method=java.util.TreeMap.put(Ljava/lang/Object;Ljava/lang/Object;)Ljava/lang/Object; @ 127
Event: 12.782 Thread 0x0000000002fbe800 Uncommon trap: reason=class_check action=maybe_recompile pc=0x0000000003204db8 method=java.util.TreeMap.put(Ljava/lang/Object;Ljava/lang/Object;)Ljava/lang/Object; @ 127
Event: 12.782 Thread 0x0000000002fbe800 Uncommon trap: reason=class_check action=maybe_recompile pc=0x0000000003204db8 method=java.util.TreeMap.put(Ljava/lang/Object;Ljava/lang/Object;)Ljava/lang/Object; @ 127
Event: 12.782 Thread 0x0000000002fbe800 Uncommon trap: reason=class_check action=maybe_recompile pc=0x0000000003204db8 method=java.util.TreeMap.put(Ljava/lang/Object;Ljava/lang/Object;)Ljava/lang/Object; @ 127
Event: 12.798 Thread 0x0000000002fbe800 Uncommon trap: reason=speculate_class_check action=maybe_recompile pc=0x00000000035a0778 method=com.google.common.collect.AbstractIndexedListIterator.next()Ljava/lang/Object; @ 27
Event: 12.799 Thread 0x0000000002fbe800 Uncommon trap: reason=speculate_class_check action=maybe_recompile pc=0x00000000035a0778 method=com.google.common.collect.AbstractIndexedListIterator.next()Ljava/lang/Object; @ 27
Event: 12.870 Thread 0x000000001e491800 Uncommon trap: reason=bimorphic action=maybe_recompile pc=0x0000000003bbcb10 method=java.util.Arrays.binarySearch0([Ljava/lang/Object;IILjava/lang/Object;Ljava/util/Comparator;)I @ 48
Event: 12.871 Thread 0x000000001e491800 Uncommon trap: reason=bimorphic action=maybe_recompile pc=0x0000000003bbcb10 method=java.util.Arrays.binarySearch0([Ljava/lang/Object;IILjava/lang/Object;Ljava/util/Comparator;)I @ 48
Event: 12.871 Thread 0x000000001e491800 Uncommon trap: reason=bimorphic action=maybe_recompile pc=0x0000000003bbcb10 method=java.util.Arrays.binarySearch0([Ljava/lang/Object;IILjava/lang/Object;Ljava/util/Comparator;)I @ 48
Event: 12.871 Thread 0x000000001e491800 Uncommon trap: reason=bimorphic action=maybe_recompile pc=0x0000000003bbcb10 method=java.util.Arrays.binarySearch0([Ljava/lang/Object;IILjava/lang/Object;Ljava/util/Comparator;)I @ 48

Classes redefined (0 events):
No events

Internal exceptions (10 events):
Event: 12.573 Thread 0x0000000002fbe800 Exception <a 'java/lang/ClassNotFoundException': org/gradle/api/internal/ConventionTaskCustomizer> (0x00000000dbbe90f8) thrown at [C:\Users\jenkins\workspace\openjdk8_build_x86-64_windows\openjdk\hotspot\src\share\vm\classfile\systemDictionary.cpp, line 2
Event: 12.574 Thread 0x0000000002fbe800 Exception <a 'java/lang/ClassNotFoundException': org/gradle/api/tasks/AbstractCopyTaskCustomizer> (0x00000000dbc24ff0) thrown at [C:\Users\jenkins\workspace\openjdk8_build_x86-64_windows\openjdk\hotspot\src\share\vm\classfile\systemDictionary.cpp, line 21
Event: 12.578 Thread 0x0000000002fbe800 Exception <a 'java/lang/ClassNotFoundException': org/gradle/api/tasks/CopyCustomizer> (0x00000000dbcd9bc0) thrown at [C:\Users\jenkins\workspace\openjdk8_build_x86-64_windows\openjdk\hotspot\src\share\vm\classfile\systemDictionary.cpp, line 210]
Event: 12.579 Thread 0x0000000002fbe800 Exception <a 'java/lang/ClassNotFoundException': org/gradle/api/tasks/Copy_DecoratedCustomizer> (0x00000000dbd1dcf0) thrown at [C:\Users\jenkins\workspace\openjdk8_build_x86-64_windows\openjdk\hotspot\src\share\vm\classfile\systemDictionary.cpp, line 210]
Event: 12.609 Thread 0x0000000002fbe800 Exception <a 'java/lang/ClassNotFoundException': org/gradle/api/DefaultTask_DecoratedBeanInfo> (0x00000000dbefa8f0) thrown at [C:\Users\jenkins\workspace\openjdk8_build_x86-64_windows\openjdk\hotspot\src\share\vm\classfile\systemDictionary.cpp, line 210]
Event: 12.610 Thread 0x0000000002fbe800 Exception <a 'java/lang/ClassNotFoundException': org/gradle/api/DefaultTask_DecoratedCustomizer> (0x00000000dbf23e60) thrown at [C:\Users\jenkins\workspace\openjdk8_build_x86-64_windows\openjdk\hotspot\src\share\vm\classfile\systemDictionary.cpp, line 210
Event: 12.614 Thread 0x0000000002fbe800 Exception <a 'java/lang/ClassNotFoundException': org/gradle/api/internal/tasks/DefaultTaskInputsBeanInfo> (0x00000000dbf95558) thrown at [C:\Users\jenkins\workspace\openjdk8_build_x86-64_windows\openjdk\hotspot\src\share\vm\classfile\systemDictionary.cpp,
Event: 12.615 Thread 0x0000000002fbe800 Exception <a 'java/lang/ClassNotFoundException': org/gradle/api/internal/tasks/DefaultTaskInputsCustomizer> (0x00000000dbfc4a20) thrown at [C:\Users\jenkins\workspace\openjdk8_build_x86-64_windows\openjdk\hotspot\src\share\vm\classfile\systemDictionary.cp
Event: 12.618 Thread 0x0000000002fbe800 Exception <a 'java/lang/ClassNotFoundException': org/gradle/api/internal/tasks/DefaultTaskOutputsBeanInfo> (0x00000000dc037bc0) thrown at [C:\Users\jenkins\workspace\openjdk8_build_x86-64_windows\openjdk\hotspot\src\share\vm\classfile\systemDictionary.cpp
Event: 12.618 Thread 0x0000000002fbe800 Exception <a 'java/lang/ClassNotFoundException': org/gradle/api/internal/tasks/DefaultTaskOutputsCustomizer> (0x00000000dc067090) thrown at [C:\Users\jenkins\workspace\openjdk8_build_x86-64_windows\openjdk\hotspot\src\share\vm\classfile\systemDictionary.c

Events (10 events):
Event: 13.004 Thread 0x0000000017c3b000 flushing nmethod 0x0000000004016390
Event: 13.004 Thread 0x0000000017c3b000 flushing nmethod 0x00000000040193d0
Event: 13.004 Thread 0x0000000017c3b000 flushing nmethod 0x000000000401da10
Event: 13.004 Thread 0x0000000017c3b000 flushing nmethod 0x0000000004020090
Event: 13.004 Thread 0x0000000017c3b000 flushing nmethod 0x00000000040211d0
Event: 13.004 Thread 0x0000000017c3b000 flushing nmethod 0x0000000004021650
Event: 13.004 Thread 0x0000000017c3b000 flushing nmethod 0x0000000004022fd0
Event: 13.004 Thread 0x0000000017c3b000 flushing nmethod 0x0000000004048750
Event: 13.004 Thread 0x0000000017c3b000 flushing nmethod 0x0000000004048e90
Event: 13.004 Thread 0x0000000017c3b000 flushing nmethod 0x0000000004084f90


Dynamic libraries:
0x00007ff74b550000 - 0x00007ff74b585000 	C:\Program Files\Unity\Hub\Editor\2020.3.30f1\Editor\Data\PlaybackEngines\AndroidPlayer\OpenJDK\bin\java.exe
0x00007fff7ccd0000 - 0x00007fff7cec5000 	C:\Windows\SYSTEM32\ntdll.dll
0x00007fff7c900000 - 0x00007fff7c9be000 	C:\Windows\System32\KERNEL32.DLL
0x00007fff7a9c0000 - 0x00007fff7ac88000 	C:\Windows\System32\KERNELBASE.dll
0x00007fff77890000 - 0x00007fff77920000 	C:\Windows\SYSTEM32\apphelp.dll
0x00007fff7c6a0000 - 0x00007fff7c74e000 	C:\Windows\System32\ADVAPI32.dll
0x00007fff7c260000 - 0x00007fff7c2fe000 	C:\Windows\System32\msvcrt.dll
0x00007fff7ae40000 - 0x00007fff7aedc000 	C:\Windows\System32\sechost.dll
0x00007fff7b550000 - 0x00007fff7b675000 	C:\Windows\System32\RPCRT4.dll
0x00007fff7c500000 - 0x00007fff7c6a0000 	C:\Windows\System32\USER32.dll
0x00007fff7a7e0000 - 0x00007fff7a802000 	C:\Windows\System32\win32u.dll
0x00007fff7aee0000 - 0x00007fff7af0a000 	C:\Windows\System32\GDI32.dll
0x00007fff7a610000 - 0x00007fff7a71b000 	C:\Windows\System32\gdi32full.dll
0x00007fff7ac90000 - 0x00007fff7ad2d000 	C:\Windows\System32\msvcp_win.dll
0x00007fff7a810000 - 0x00007fff7a910000 	C:\Windows\System32\ucrtbase.dll
0x00007fff5f290000 - 0x00007fff5f52a000 	C:\Windows\WinSxS\amd64_microsoft.windows.common-controls_6595b64144ccf1df_6.0.19041.1110_none_60b5254171f9507e\COMCTL32.dll
0x00007fff7c230000 - 0x00007fff7c260000 	C:\Windows\System32\IMM32.DLL
0x00000000587a0000 - 0x0000000058872000 	C:\Program Files\Unity\Hub\Editor\2020.3.30f1\Editor\Data\PlaybackEngines\AndroidPlayer\OpenJDK\jre\bin\msvcr100.dll
0x0000000057f50000 - 0x0000000058799000 	C:\Program Files\Unity\Hub\Editor\2020.3.30f1\Editor\Data\PlaybackEngines\AndroidPlayer\OpenJDK\jre\bin\server\jvm.dll
0x00007fff7af80000 - 0x00007fff7af88000 	C:\Windows\System32\PSAPI.DLL
0x00007fff73710000 - 0x00007fff7371a000 	C:\Windows\SYSTEM32\VERSION.dll
0x00007fff507a0000 - 0x00007fff507c7000 	C:\Windows\SYSTEM32\WINMM.dll
0x00007fff757d0000 - 0x00007fff757d9000 	C:\Windows\SYSTEM32\WSOCK32.dll
0x00007fff7af10000 - 0x00007fff7af7b000 	C:\Windows\System32\WS2_32.dll
0x00007fff721f0000 - 0x00007fff721ff000 	C:\Program Files\Unity\Hub\Editor\2020.3.30f1\Editor\Data\PlaybackEngines\AndroidPlayer\OpenJDK\jre\bin\verify.dll
0x00007fff555d0000 - 0x00007fff555f9000 	C:\Program Files\Unity\Hub\Editor\2020.3.30f1\Editor\Data\PlaybackEngines\AndroidPlayer\OpenJDK\jre\bin\java.dll
0x00007fff3d5e0000 - 0x00007fff3d5f6000 	C:\Program Files\Unity\Hub\Editor\2020.3.30f1\Editor\Data\PlaybackEngines\AndroidPlayer\OpenJDK\jre\bin\zip.dll
0x00007fff7b680000 - 0x00007fff7bdc4000 	C:\Windows\System32\SHELL32.dll
0x00007fff784b0000 - 0x00007fff78c44000 	C:\Windows\SYSTEM32\windows.storage.dll
0x00007fff7bea0000 - 0x00007fff7c1f4000 	C:\Windows\System32\combase.dll
0x00007fff79d90000 - 0x00007fff79dbc000 	C:\Windows\SYSTEM32\Wldp.dll
0x00007fff7ad90000 - 0x00007fff7ae3d000 	C:\Windows\System32\SHCORE.dll
0x00007fff7ad30000 - 0x00007fff7ad85000 	C:\Windows\System32\shlwapi.dll
0x00007fff7a330000 - 0x00007fff7a34f000 	C:\Windows\SYSTEM32\profapi.dll
0x00007fff3d0b0000 - 0x00007fff3d0ca000 	C:\Program Files\Unity\Hub\Editor\2020.3.30f1\Editor\Data\PlaybackEngines\AndroidPlayer\OpenJDK\jre\bin\net.dll
0x00007fff79aa0000 - 0x00007fff79b0a000 	C:\Windows\system32\mswsock.dll
0x00007fff3c610000 - 0x00007fff3c621000 	C:\Program Files\Unity\Hub\Editor\2020.3.30f1\Editor\Data\PlaybackEngines\AndroidPlayer\OpenJDK\jre\bin\nio.dll
0x00007fff721d0000 - 0x00007fff721ee000 	C:\Users\HP\.gradle\native\25\windows-amd64\native-platform.dll
0x00007fff3ed00000 - 0x00007fff3ed0d000 	C:\Program Files\Unity\Hub\Editor\2020.3.30f1\Editor\Data\PlaybackEngines\AndroidPlayer\OpenJDK\jre\bin\management.dll
0x00007fff797a0000 - 0x00007fff797db000 	C:\Windows\SYSTEM32\IPHLPAPI.DLL
0x00007fff7c360000 - 0x00007fff7c368000 	C:\Windows\System32\NSI.dll
0x00007fff72670000 - 0x00007fff72687000 	C:\Windows\SYSTEM32\dhcpcsvc6.DLL
0x00007fff72470000 - 0x00007fff7248d000 	C:\Windows\SYSTEM32\dhcpcsvc.DLL
0x00007fff797e0000 - 0x00007fff798ab000 	C:\Windows\SYSTEM32\DNSAPI.dll
0x00007fff79c80000 - 0x00007fff79c98000 	C:\Windows\SYSTEM32\CRYPTSP.dll
0x00007fff79430000 - 0x00007fff79464000 	C:\Windows\system32\rsaenh.dll
0x00007fff7a5e0000 - 0x00007fff7a607000 	C:\Windows\System32\bcrypt.dll
0x00007fff7a2f0000 - 0x00007fff7a31e000 	C:\Windows\SYSTEM32\USERENV.dll
0x00007fff7a3f0000 - 0x00007fff7a472000 	C:\Windows\System32\bcryptprimitives.dll
0x00007fff79ca0000 - 0x00007fff79cac000 	C:\Windows\SYSTEM32\CRYPTBASE.dll

VM Arguments:
jvm_args: -Dorg.gradle.appname=gradlew 
java_command: org.gradle.wrapper.GradleWrapperMain --no-daemon -b C:\Users\HP\Desktop\game\project2\Temp\PlayServicesResolverGradle\PlayServicesResolver.scripts.download_artifacts.gradle -PANDROID_HOME=C:/Program Files/Unity/Hub/Editor/2020.3.30f1/Editor/Data/PlaybackEngines/AndroidPlayer\SDK -PTARGET_DIR=C:\Users\HP\Desktop\game\project2\Assets\Plugins\Android -PMAVEN_REPOS=https://maven.google.com/;file:///C:/Users/HP/Desktop/game/project2/Assets/GooglePlayGames/Editor/m2repository -PPACKAGES_TO_COPY=com.google.android.gms:play-services-ads:20.6.0;com.google.games:gpgs-plugin-support:0.10.12 -PUSE_JETIFIER=1 -PDATA_BINDING_VERSION=4.0.1
java_class_path (initial): C:\Users\HP\Desktop\game\project2\Temp\PlayServicesResolverGradle\\gradle\wrapper\gradle-wrapper.jar
Launcher Type: SUN_STANDARD

Environment Variables:
JAVA_HOME=C:\Program Files\Unity\Hub\Editor\2020.3.30f1\Editor\Data\PlaybackEngines\AndroidPlayer\OpenJDK
CLASSPATH=C:\Users\HP\Desktop\game\project2\Temp\PlayServicesResolverGradle\\gradle\wrapper\gradle-wrapper.jar
PATH=C:\Program Files\Java\jdk1.8.0_202\bin;C:\Program Files (x86)\Common Files\Oracle\Java\javapath;C:\Program Files\Common Files\Oracle\Java\javapath;C:\Windows\system32;C:\Windows;C:\Windows\System32\Wbem;C:\Windows\System32\WindowsPowerShell\v1.0\;C:\Windows\System32\OpenSSH\;C:\Program Files\Git\cmd;C:\Program Files\Docker\Docker\resources\bin;C:\ProgramData\DockerDesktop\version-bin;C:\Users\HP\AppData\Local\Programs\Python\Python310\Scripts\;C:\Users\HP\AppData\Local\Programs\Python\Python310\;C:\Program Files\Java\jdk1.6.0\bin;C:\Windows\system32;C:\Windows;C:\Windows\System32\Wbem;C:\Windows\System32\WindowsPowerShell\v1.0\;C:\Windows\System32\OpenSSH\;C:\Program Files\nodejs\;C:\Program Files\Git\cmd;C:\Program Files\nodejs;C:\Program Files\Git\cmd;C:\Program Files\heroku\bin;C:\Users\HP\AppData\Local\GitHubDesktop\bin;"C:\JRPCv6;C:\JRPCv6\bin\lib\djrpc.jar";
USERNAME=HP
OS=Windows_NT
PROCESSOR_IDENTIFIER=Intel64 Family 6 Model 142 Stepping 9, GenuineIntel



---------------  S Y S T E M  ---------------

OS: Windows 10.0 , 64 bit Build 19041 (10.0.19041.1645)

CPU:total 4 (initial active 4) (2 cores per cpu, 2 threads per core) family 6 model 142 stepping 9, cmov, cx8, fxsr, mmx, sse, sse2, sse3, ssse3, sse4.1, sse4.2, popcnt, avx, avx2, aes, clmul, erms, 3dnowpref, lzcnt, ht, tsc, tscinvbit, bmi1, bmi2, adx

Memory: 4k page, physical 8303524k(506256k free), swap 23853776k(5560k free)

vm_info: OpenJDK 64-Bit Server VM (25.71-b00) for windows-amd64 JRE (1.8.0-adoptopenjdk-_2018_05_19_00_59-b00), built on May 19 2018 01:02:12 by "jenkins" with MS VC++ 10.0 (VS2010)

time: Tue May 10 13:57:23 2022
elapsed time: 13 seconds (0d 0h 0m 13s)

