#
# There is insufficient memory for the Java Runtime Environment to continue.
# Native memory allocation (malloc) failed to allocate 809856 bytes for Chunk::new
# Possible reasons:
#   The system is out of physical RAM or swap space
#   In 32 bit mode, the process size limit was hit
# Possible solutions:
#   Reduce memory load on the system
#   Increase physical memory or swap space
#   Check if swap backing store is full
#   Use 64 bit Java on a 64 bit OS
#   Decrease Java heap size (-Xmx/-Xms)
#   Decrease number of Java threads
#   Decrease Java thread stack sizes (-Xss)
#   Set larger code cache with -XX:ReservedCodeCacheSize=
# This output file may be truncated or incomplete.
#
#  Out of Memory Error (allocation.cpp:390), pid=38084, tid=0x00000000000023c8
#
# JRE version: OpenJDK Runtime Environment (8.0) (build 1.8.0-adoptopenjdk-_2018_05_19_00_59-b00)
# Java VM: OpenJDK 64-Bit Server VM (25.71-b00 mixed mode windows-amd64 compressed oops)
# Failed to write core dump. Minidumps are not enabled by default on client versions of Windows
#

---------------  T H R E A D  ---------------

Current thread (0x0000000017463000):  JavaThread "C2 CompilerThread0" daemon [_thread_in_native, id=9160, stack(0x0000000018b00000,0x0000000018c00000)]

Stack: [0x0000000018b00000,0x0000000018c00000]
[error occurred during error reporting (printing stack bounds), id 0xc0000005]

Native frames: (J=compiled Java code, j=interpreted, Vv=VM code, C=native code)


Current CompileTask:
C2:  13766 6568 %     4       org.objectweb.asm.ClassReader::readCode @ 71 (5089 bytes)


---------------  P R O C E S S  ---------------

Java Threads: ( => current thread )
  0x000000001fb34800 JavaThread "Cache worker for execution history cache (C:\Users\HP\Desktop\game\project2\Temp\PlayServicesResolverGradle\.gradle\5.1.1\executionHistory)" [_thread_blocked, id=41164, stack(0x0000000022a80000,0x0000000022b80000)]
  0x000000001fb2d000 JavaThread "Execution worker for ':' Thread 3" [_thread_in_Java, id=40036, stack(0x0000000022980000,0x0000000022a80000)]
  0x000000001fb30000 JavaThread "Execution worker for ':' Thread 2" [_thread_blocked, id=39212, stack(0x0000000022880000,0x0000000022980000)]
  0x000000001fb31000 JavaThread "Execution worker for ':'" [_thread_blocked, id=39764, stack(0x0000000022360000,0x0000000022460000)]
  0x000000001fb2e800 JavaThread "Cache worker for Build Output Cleanup Cache (C:\Users\HP\Desktop\game\project2\Temp\PlayServicesResolverGradle\.gradle\buildOutputCleanup)" [_thread_blocked, id=6000, stack(0x0000000022160000,0x0000000022260000)]
  0x000000001fb32800 JavaThread "Build operations Thread 4" [_thread_blocked, id=16316, stack(0x0000000021010000,0x0000000021110000)]
  0x000000001b9fd000 JavaThread "Build operations Thread 3" [_thread_blocked, id=40640, stack(0x0000000020f10000,0x0000000021010000)]
  0x000000001b9fb800 JavaThread "Build operations Thread 2" [_thread_blocked, id=41236, stack(0x0000000020e10000,0x0000000020f10000)]
  0x000000001ba02000 JavaThread "Build operations" [_thread_blocked, id=35932, stack(0x0000000020d10000,0x0000000020e10000)]
  0x000000001ba00000 JavaThread "Cache worker for execution history cache (C:\Users\HP\.gradle\caches\5.1.1\executionHistory)" [_thread_blocked, id=31992, stack(0x000000001f100000,0x000000001f200000)]
  0x000000001b9fc000 JavaThread "Cache worker for cache directory md-rule (C:\Users\HP\.gradle\caches\5.1.1\md-rule)" [_thread_blocked, id=41528, stack(0x000000001ed30000,0x000000001ee30000)]
  0x000000001b9ff000 JavaThread "Cache worker for cache directory md-supplier (C:\Users\HP\.gradle\caches\5.1.1\md-supplier)" [_thread_blocked, id=38592, stack(0x000000001dbb0000,0x000000001dcb0000)]
  0x000000001bac4000 JavaThread "Cache worker for file hash cache (C:\Users\HP\Desktop\game\project2\Temp\PlayServicesResolverGradle\.gradle\5.1.1\fileHashes)" [_thread_blocked, id=39788, stack(0x000000001c6e0000,0x000000001c7e0000)]
  0x000000001a3ec000 JavaThread "Cache worker for journal cache (C:\Users\HP\.gradle\caches\journal-1)" [_thread_blocked, id=36848, stack(0x000000001b0d0000,0x000000001b1d0000)]
  0x000000001a3eb800 JavaThread "File lock request listener" [_thread_in_native, id=29284, stack(0x000000001afd0000,0x000000001b0d0000)]
  0x000000001a656000 JavaThread "Cache worker for file hash cache (C:\Users\HP\.gradle\caches\5.1.1\fileHashes)" [_thread_blocked, id=39840, stack(0x000000001aed0000,0x000000001afd0000)]
  0x0000000019952000 JavaThread "pool-1-thread-1" [_thread_blocked, id=40208, stack(0x0000000019c00000,0x0000000019d00000)]
  0x00000000174be000 JavaThread "Service Thread" daemon [_thread_blocked, id=9316, stack(0x0000000019200000,0x0000000019300000)]
  0x00000000174bb800 JavaThread "C1 CompilerThread2" daemon [_thread_blocked, id=15972, stack(0x0000000019100000,0x0000000019200000)]
  0x0000000017469800 JavaThread "C2 CompilerThread1" daemon [_thread_in_native, id=41092, stack(0x0000000018c00000,0x0000000018d00000)]
=>0x0000000017463000 JavaThread "C2 CompilerThread0" daemon [_thread_in_native, id=9160, stack(0x0000000018b00000,0x0000000018c00000)]
  0x0000000017462000 JavaThread "Attach Listener" daemon [_thread_blocked, id=20644, stack(0x0000000018a00000,0x0000000018b00000)]
  0x000000001745f000 JavaThread "Signal Dispatcher" daemon [_thread_blocked, id=37896, stack(0x0000000018900000,0x0000000018a00000)]
  0x0000000017448800 JavaThread "Finalizer" daemon [_thread_blocked, id=38488, stack(0x0000000018700000,0x0000000018800000)]
  0x00000000028e3800 JavaThread "Reference Handler" daemon [_thread_blocked, id=38376, stack(0x0000000018600000,0x0000000018700000)]
  0x00000000026ee800 JavaThread "main" [_thread_blocked, id=31564, stack(0x00000000026f0000,0x00000000027f0000)]

Other Threads:
  0x0000000017423800 VMThread [stack: 0x0000000018500000,0x0000000018600000] [id=19064]
  0x0000000018d3c000 WatcherThread [stack: 0x0000000019300000,0x0000000019400000] [id=40156]

VM state:not at safepoint (normal execution)

VM Mutex/Monitor currently owned by a thread: None

Heap:
 PSYoungGen      total 344064K, used 126921K [0x00000000d5c00000, 0x00000000ebb00000, 0x0000000100000000)
  eden space 328704K, 35% used [0x00000000d5c00000,0x00000000dce90010,0x00000000e9d00000)
  from space 15360K, 62% used [0x00000000e9d00000,0x00000000ea6626b0,0x00000000eac00000)
  to   space 8192K, 0% used [0x00000000eb300000,0x00000000eb300000,0x00000000ebb00000)
 ParOldGen       total 108032K, used 23185K [0x0000000081400000, 0x0000000087d80000, 0x00000000d5c00000)
  object space 108032K, 21% used [0x0000000081400000,0x0000000082aa4470,0x0000000087d80000)
 Metaspace       used 41835K, capacity 43172K, committed 43352K, reserved 1087488K
  class space    used 5616K, capacity 6004K, committed 6016K, reserved 1048576K

Card table byte_map: [0x0000000011cb0000,0x00000000120b0000] byte_map_base: 0x00000000118a6000

Marking Bits: (ParMarkBitMap*) 0x000000005871be50
 Begin Bits: [0x0000000012760000, 0x0000000014710000)
 End Bits:   [0x0000000014710000, 0x00000000166c0000)

Polling page: 0x0000000002650000

CodeCache: size=245760Kb used=17424Kb max_used=18033Kb free=228335Kb
 bounds [0x00000000028f0000, 0x0000000003af0000, 0x00000000118f0000]
 total_blobs=6088 nmethods=5371 adapters=630
 compilation: enabled

Compilation events (10 events):
Event: 13.709 Thread 0x00000000174bb800 6584       3       org.objectweb.asm.SymbolTable::addConstantLongOrDouble (109 bytes)
Event: 13.709 Thread 0x00000000174bb800 nmethod 6584 0x00000000030af810 code [0x00000000030af9e0, 0x00000000030afff8]
Event: 13.715 Thread 0x00000000174bb800 6585       3       org.objectweb.asm.commons.SignatureRemapper::visitTypeArgument (11 bytes)
Event: 13.715 Thread 0x00000000174bb800 nmethod 6585 0x00000000030af390 code [0x00000000030af500, 0x00000000030af728]
Event: 13.715 Thread 0x00000000174bb800 6586       3       org.objectweb.asm.signature.SignatureWriter::visitTypeArgument (46 bytes)
Event: 13.716 Thread 0x00000000174bb800 nmethod 6586 0x0000000002d600d0 code [0x0000000002d602e0, 0x0000000002d60ef8]
Event: 13.744 Thread 0x00000000174bb800 6588       1       org.objectweb.asm.MethodWriter::visitEnd (1 bytes)
Event: 13.745 Thread 0x00000000174bb800 nmethod 6588 0x00000000037d2b50 code [0x00000000037d2ca0, 0x00000000037d2db0]
Event: 13.752 Thread 0x00000000174bb800 6589       1       org.objectweb.asm.MethodWriter::visitCode (1 bytes)
Event: 13.752 Thread 0x00000000174bb800 nmethod 6589 0x000000000347bfd0 code [0x000000000347c120, 0x000000000347c230]

GC Heap History (10 events):
Event: 10.841 GC heap before
{Heap before GC invocations=17 (full 2):
 PSYoungGen      total 336896K, used 330631K [0x00000000d5c00000, 0x00000000ebb00000, 0x0000000100000000)
  eden space 328704K, 100% used [0x00000000d5c00000,0x00000000e9d00000,0x00000000e9d00000)
  from space 8192K, 23% used [0x00000000eb300000,0x00000000eb4e1ca0,0x00000000ebb00000)
  to   space 15360K, 0% used [0x00000000e9d00000,0x00000000e9d00000,0x00000000eac00000)
 ParOldGen       total 108032K, used 23169K [0x0000000081400000, 0x0000000087d80000, 0x00000000d5c00000)
  object space 108032K, 21% used [0x0000000081400000,0x0000000082aa0470,0x0000000087d80000)
 Metaspace       used 38187K, capacity 39232K, committed 39512K, reserved 1083392K
  class space    used 5145K, capacity 5475K, committed 5504K, reserved 1048576K
Event: 10.844 GC heap after
Heap after GC invocations=17 (full 2):
 PSYoungGen      total 344064K, used 640K [0x00000000d5c00000, 0x00000000ebb00000, 0x0000000100000000)
  eden space 328704K, 0% used [0x00000000d5c00000,0x00000000d5c00000,0x00000000e9d00000)
  from space 15360K, 4% used [0x00000000e9d00000,0x00000000e9da0010,0x00000000eac00000)
  to   space 8192K, 0% used [0x00000000eb300000,0x00000000eb300000,0x00000000ebb00000)
 ParOldGen       total 108032K, used 23169K [0x0000000081400000, 0x0000000087d80000, 0x00000000d5c00000)
  object space 108032K, 21% used [0x0000000081400000,0x0000000082aa0470,0x0000000087d80000)
 Metaspace       used 38187K, capacity 39232K, committed 39512K, reserved 1083392K
  class space    used 5145K, capacity 5475K, committed 5504K, reserved 1048576K
}
Event: 10.996 GC heap before
{Heap before GC invocations=18 (full 2):
 PSYoungGen      total 344064K, used 329344K [0x00000000d5c00000, 0x00000000ebb00000, 0x0000000100000000)
  eden space 328704K, 100% used [0x00000000d5c00000,0x00000000e9d00000,0x00000000e9d00000)
  from space 15360K, 4% used [0x00000000e9d00000,0x00000000e9da0010,0x00000000eac00000)
  to   space 8192K, 0% used [0x00000000eb300000,0x00000000eb300000,0x00000000ebb00000)
 ParOldGen       total 108032K, used 23169K [0x0000000081400000, 0x0000000087d80000, 0x00000000d5c00000)
  object space 108032K, 21% used [0x0000000081400000,0x0000000082aa0470,0x0000000087d80000)
 Metaspace       used 38187K, capacity 39232K, committed 39512K, reserved 1083392K
  class space    used 5145K, capacity 5475K, committed 5504K, reserved 1048576K
Event: 10.999 GC heap after
Heap after GC invocations=18 (full 2):
 PSYoungGen      total 336896K, used 1639K [0x00000000d5c00000, 0x00000000ebb00000, 0x0000000100000000)
  eden space 328704K, 0% used [0x00000000d5c00000,0x00000000d5c00000,0x00000000e9d00000)
  from space 8192K, 20% used [0x00000000eb300000,0x00000000eb499ca0,0x00000000ebb00000)
  to   space 15360K, 0% used [0x00000000e9d00000,0x00000000e9d00000,0x00000000eac00000)
 ParOldGen       total 108032K, used 23177K [0x0000000081400000, 0x0000000087d80000, 0x00000000d5c00000)
  object space 108032K, 21% used [0x0000000081400000,0x0000000082aa2470,0x0000000087d80000)
 Metaspace       used 38187K, capacity 39232K, committed 39512K, reserved 1083392K
  class space    used 5145K, capacity 5475K, committed 5504K, reserved 1048576K
}
Event: 11.139 GC heap before
{Heap before GC invocations=19 (full 2):
 PSYoungGen      total 336896K, used 330343K [0x00000000d5c00000, 0x00000000ebb00000, 0x0000000100000000)
  eden space 328704K, 100% used [0x00000000d5c00000,0x00000000e9d00000,0x00000000e9d00000)
  from space 8192K, 20% used [0x00000000eb300000,0x00000000eb499ca0,0x00000000ebb00000)
  to   space 15360K, 0% used [0x00000000e9d00000,0x00000000e9d00000,0x00000000eac00000)
 ParOldGen       total 108032K, used 23177K [0x0000000081400000, 0x0000000087d80000, 0x00000000d5c00000)
  object space 108032K, 21% used [0x0000000081400000,0x0000000082aa2470,0x0000000087d80000)
 Metaspace       used 38226K, capacity 39270K, committed 39640K, reserved 1083392K
  class space    used 5152K, capacity 5508K, committed 5632K, reserved 1048576K
Event: 11.143 GC heap after
Heap after GC invocations=19 (full 2):
 PSYoungGen      total 344064K, used 2346K [0x00000000d5c00000, 0x00000000ebb00000, 0x0000000100000000)
  eden space 328704K, 0% used [0x00000000d5c00000,0x00000000d5c00000,0x00000000e9d00000)
  from space 15360K, 15% used [0x00000000e9d00000,0x00000000e9f4aad8,0x00000000eac00000)
  to   space 8192K, 0% used [0x00000000eb300000,0x00000000eb300000,0x00000000ebb00000)
 ParOldGen       total 108032K, used 23177K [0x0000000081400000, 0x0000000087d80000, 0x00000000d5c00000)
  object space 108032K, 21% used [0x0000000081400000,0x0000000082aa2470,0x0000000087d80000)
 Metaspace       used 38226K, capacity 39270K, committed 39640K, reserved 1083392K
  class space    used 5152K, capacity 5508K, committed 5632K, reserved 1048576K
}
Event: 11.264 GC heap before
{Heap before GC invocations=20 (full 2):
 PSYoungGen      total 344064K, used 331050K [0x00000000d5c00000, 0x00000000ebb00000, 0x0000000100000000)
  eden space 328704K, 100% used [0x00000000d5c00000,0x00000000e9d00000,0x00000000e9d00000)
  from space 15360K, 15% used [0x00000000e9d00000,0x00000000e9f4aad8,0x00000000eac00000)
  to   space 8192K, 0% used [0x00000000eb300000,0x00000000eb300000,0x00000000ebb00000)
 ParOldGen       total 108032K, used 23177K [0x0000000081400000, 0x0000000087d80000, 0x00000000d5c00000)
  object space 108032K, 21% used [0x0000000081400000,0x0000000082aa2470,0x0000000087d80000)
 Metaspace       used 38227K, capacity 39270K, committed 39640K, reserved 1083392K
  class space    used 5152K, capacity 5508K, committed 5632K, reserved 1048576K
Event: 11.268 GC heap after
Heap after GC invocations=20 (full 2):
 PSYoungGen      total 336896K, used 2346K [0x00000000d5c00000, 0x00000000ebb00000, 0x0000000100000000)
  eden space 328704K, 0% used [0x00000000d5c00000,0x00000000d5c00000,0x00000000e9d00000)
  from space 8192K, 28% used [0x00000000eb300000,0x00000000eb54aad8,0x00000000ebb00000)
  to   space 15360K, 0% used [0x00000000e9d00000,0x00000000e9d00000,0x00000000eac00000)
 ParOldGen       total 108032K, used 23177K [0x0000000081400000, 0x0000000087d80000, 0x00000000d5c00000)
  object space 108032K, 21% used [0x0000000081400000,0x0000000082aa2470,0x0000000087d80000)
 Metaspace       used 38227K, capacity 39270K, committed 39640K, reserved 1083392K
  class space    used 5152K, capacity 5508K, committed 5632K, reserved 1048576K
}
Event: 13.105 GC heap before
{Heap before GC invocations=21 (full 2):
 PSYoungGen      total 336896K, used 331050K [0x00000000d5c00000, 0x00000000ebb00000, 0x0000000100000000)
  eden space 328704K, 100% used [0x00000000d5c00000,0x00000000e9d00000,0x00000000e9d00000)
  from space 8192K, 28% used [0x00000000eb300000,0x00000000eb54aad8,0x00000000ebb00000)
  to   space 15360K, 0% used [0x00000000e9d00000,0x00000000e9d00000,0x00000000eac00000)
 ParOldGen       total 108032K, used 23177K [0x0000000081400000, 0x0000000087d80000, 0x00000000d5c00000)
  object space 108032K, 21% used [0x0000000081400000,0x0000000082aa2470,0x0000000087d80000)
 Metaspace       used 41656K, capacity 42980K, committed 43096K, reserved 1087488K
  class space    used 5615K, capacity 6004K, committed 6016K, reserved 1048576K
Event: 13.120 GC heap after
Heap after GC invocations=21 (full 2):
 PSYoungGen      total 344064K, used 9609K [0x00000000d5c00000, 0x00000000ebb00000, 0x0000000100000000)
  eden space 328704K, 0% used [0x00000000d5c00000,0x00000000d5c00000,0x00000000e9d00000)
  from space 15360K, 62% used [0x00000000e9d00000,0x00000000ea6626b0,0x00000000eac00000)
  to   space 8192K, 0% used [0x00000000eb300000,0x00000000eb300000,0x00000000ebb00000)
 ParOldGen       total 108032K, used 23185K [0x0000000081400000, 0x0000000087d80000, 0x00000000d5c00000)
  object space 108032K, 21% used [0x0000000081400000,0x0000000082aa4470,0x0000000087d80000)
 Metaspace       used 41656K, capacity 42980K, committed 43096K, reserved 1087488K
  class space    used 5615K, capacity 6004K, committed 6016K, reserved 1048576K
}

Deoptimization events (10 events):
Event: 12.738 Thread 0x00000000026ee800 Uncommon trap: reason=bimorphic action=maybe_recompile pc=0x0000000002bdc430 method=java.util.regex.Pattern$Branch.match(Ljava/util/regex/Matcher;ILjava/lang/CharSequence;)Z @ 32
Event: 12.738 Thread 0x00000000026ee800 Uncommon trap: reason=bimorphic action=maybe_recompile pc=0x0000000002bdc430 method=java.util.regex.Pattern$Branch.match(Ljava/util/regex/Matcher;ILjava/lang/CharSequence;)Z @ 32
Event: 12.738 Thread 0x00000000026ee800 Uncommon trap: reason=unstable_if action=reinterpret pc=0x00000000030c30a4 method=java.lang.String.regionMatches(ZILjava/lang/String;II)Z @ 25
Event: 12.762 Thread 0x00000000026ee800 Uncommon trap: reason=class_check action=maybe_recompile pc=0x000000000366c6d8 method=java.util.regex.Matcher.search(I)Z @ 86
Event: 12.860 Thread 0x00000000026ee800 Uncommon trap: reason=class_check action=maybe_recompile pc=0x000000000366c6d8 method=java.util.regex.Matcher.search(I)Z @ 86
Event: 12.894 Thread 0x000000001fb2d000 Uncommon trap: reason=class_check action=maybe_recompile pc=0x000000000366c6d8 method=java.util.regex.Matcher.search(I)Z @ 86
Event: 12.915 Thread 0x000000001fb2d000 Uncommon trap: reason=unstable_if action=reinterpret pc=0x00000000031a62c0 method=java.lang.Character.isUpperCase(I)Z @ 5
Event: 12.915 Thread 0x000000001fb2d000 Uncommon trap: reason=class_check action=maybe_recompile pc=0x000000000366c6d8 method=java.util.regex.Matcher.search(I)Z @ 86
Event: 13.130 Thread 0x000000001fb2d000 Uncommon trap: reason=unstable_if action=reinterpret pc=0x0000000002f0bdb8 method=sun.nio.fs.WindowsPathParser.isSlash(C)Z @ 9
Event: 13.613 Thread 0x000000001fb2d000 Uncommon trap: reason=unstable_if action=reinterpret pc=0x0000000002f1fba0 method=org.objectweb.asm.SymbolTable.addConstantUtf8(Ljava/lang/String;)I @ 40

Classes redefined (0 events):
No events

Internal exceptions (10 events):
Event: 11.840 Thread 0x00000000026ee800 Exception <a 'java/lang/ClassNotFoundException': org/gradle/api/internal/tasks/DefaultTaskInputsBeanInfo> (0x00000000e5db03e8) thrown at [C:\Users\jenkins\workspace\openjdk8_build_x86-64_windows\openjdk\hotspot\src\share\vm\classfile\systemDictionary.cpp,
Event: 11.840 Thread 0x00000000026ee800 Exception <a 'java/lang/ClassNotFoundException': org/gradle/api/internal/tasks/DefaultTaskInputsCustomizer> (0x00000000e5ddf8b0) thrown at [C:\Users\jenkins\workspace\openjdk8_build_x86-64_windows\openjdk\hotspot\src\share\vm\classfile\systemDictionary.cp
Event: 11.844 Thread 0x00000000026ee800 Exception <a 'java/lang/ClassNotFoundException': org/gradle/api/internal/tasks/DefaultTaskOutputsBeanInfo> (0x00000000e5e52a50) thrown at [C:\Users\jenkins\workspace\openjdk8_build_x86-64_windows\openjdk\hotspot\src\share\vm\classfile\systemDictionary.cpp
Event: 11.844 Thread 0x00000000026ee800 Exception <a 'java/lang/ClassNotFoundException': org/gradle/api/internal/tasks/DefaultTaskOutputsCustomizer> (0x00000000e5e81f20) thrown at [C:\Users\jenkins\workspace\openjdk8_build_x86-64_windows\openjdk\hotspot\src\share\vm\classfile\systemDictionary.c
Event: 12.701 Thread 0x00000000026ee800 Exception <a 'java/lang/ClassNotFoundException': com/android/tools/build/jetifier/processor/FileMappingBeanInfo> (0x00000000e684c2f0) thrown at [C:\Users\jenkins\workspace\openjdk8_build_x86-64_windows\openjdk\hotspot\src\share\vm\classfile\systemDictiona
Event: 12.701 Thread 0x00000000026ee800 Exception <a 'java/lang/ClassNotFoundException': com/android/tools/build/jetifier/processor/FileMappingCustomizer> (0x00000000e6857850) thrown at [C:\Users\jenkins\workspace\openjdk8_build_x86-64_windows\openjdk\hotspot\src\share\vm\classfile\systemDictio
Event: 12.862 Thread 0x00000000026ee800 Exception <a 'sun/nio/fs/WindowsException'> (0x00000000e833f8e8) thrown at [C:\Users\jenkins\workspace\openjdk8_build_x86-64_windows\openjdk\hotspot\src\share\vm\prims\jni.cpp, line 709]
Event: 12.896 Thread 0x000000001fb2d000 Exception <a 'sun/nio/fs/WindowsException'> (0x00000000e7e46568) thrown at [C:\Users\jenkins\workspace\openjdk8_build_x86-64_windows\openjdk\hotspot\src\share\vm\prims\jni.cpp, line 709]
Event: 12.928 Thread 0x000000001fb2d000 Exception <a 'sun/nio/fs/WindowsException'> (0x00000000e87a7a58) thrown at [C:\Users\jenkins\workspace\openjdk8_build_x86-64_windows\openjdk\hotspot\src\share\vm\prims\jni.cpp, line 709]
Event: 12.966 Thread 0x000000001fb2d000 Exception <a 'sun/nio/fs/WindowsException'> (0x00000000e8828ea0) thrown at [C:\Users\jenkins\workspace\openjdk8_build_x86-64_windows\openjdk\hotspot\src\share\vm\prims\jni.cpp, line 709]

Events (10 events):
Event: 13.507 Thread 0x00000000174bb800 flushing nmethod 0x000000000332c110
Event: 13.507 Thread 0x00000000174bb800 flushing nmethod 0x000000000337f190
Event: 13.507 Thread 0x00000000174bb800 flushing nmethod 0x00000000033c33d0
Event: 13.507 Thread 0x00000000174bb800 flushing nmethod 0x00000000033d8bd0
Event: 13.509 Thread 0x00000000174bb800 flushing nmethod 0x000000000355b650
Event: 13.509 Thread 0x00000000174bb800 flushing nmethod 0x0000000003582c90
Event: 13.509 Thread 0x00000000174bb800 flushing nmethod 0x0000000003585010
Event: 13.613 Thread 0x000000001fb2d000 Uncommon trap: trap_request=0xffffff65 fr.pc=0x0000000002f1fba0
Event: 13.613 Thread 0x000000001fb2d000 DEOPT PACKING pc=0x0000000002f1fba0 sp=0x0000000022a7b860
Event: 13.613 Thread 0x000000001fb2d000 DEOPT UNPACKING pc=0x000000000293557b sp=0x0000000022a7b848 mode 2


Dynamic libraries:
0x00007ff74b550000 - 0x00007ff74b585000 	C:\Program Files\Unity\Hub\Editor\2020.3.30f1\Editor\Data\PlaybackEngines\AndroidPlayer\OpenJDK\bin\java.exe
0x00007fff7ccd0000 - 0x00007fff7cec5000 	C:\Windows\SYSTEM32\ntdll.dll
0x00007fff7c900000 - 0x00007fff7c9be000 	C:\Windows\System32\KERNEL32.DLL
0x00007fff7a9c0000 - 0x00007fff7ac88000 	C:\Windows\System32\KERNELBASE.dll
0x00007fff77890000 - 0x00007fff77920000 	C:\Windows\SYSTEM32\apphelp.dll
0x00007fff7c6a0000 - 0x00007fff7c74e000 	C:\Windows\System32\ADVAPI32.dll
0x00007fff7c260000 - 0x00007fff7c2fe000 	C:\Windows\System32\msvcrt.dll
0x00007fff7ae40000 - 0x00007fff7aedc000 	C:\Windows\System32\sechost.dll
0x00007fff7b550000 - 0x00007fff7b675000 	C:\Windows\System32\RPCRT4.dll
0x00007fff7c500000 - 0x00007fff7c6a0000 	C:\Windows\System32\USER32.dll
0x00007fff7a7e0000 - 0x00007fff7a802000 	C:\Windows\System32\win32u.dll
0x00007fff7aee0000 - 0x00007fff7af0a000 	C:\Windows\System32\GDI32.dll
0x00007fff7a610000 - 0x00007fff7a71b000 	C:\Windows\System32\gdi32full.dll
0x00007fff7ac90000 - 0x00007fff7ad2d000 	C:\Windows\System32\msvcp_win.dll
0x00007fff7a810000 - 0x00007fff7a910000 	C:\Windows\System32\ucrtbase.dll
0x00007fff5f290000 - 0x00007fff5f52a000 	C:\Windows\WinSxS\amd64_microsoft.windows.common-controls_6595b64144ccf1df_6.0.19041.1110_none_60b5254171f9507e\COMCTL32.dll
0x00007fff7c230000 - 0x00007fff7c260000 	C:\Windows\System32\IMM32.DLL
0x00000000587a0000 - 0x0000000058872000 	C:\Program Files\Unity\Hub\Editor\2020.3.30f1\Editor\Data\PlaybackEngines\AndroidPlayer\OpenJDK\jre\bin\msvcr100.dll
0x0000000057f50000 - 0x0000000058799000 	C:\Program Files\Unity\Hub\Editor\2020.3.30f1\Editor\Data\PlaybackEngines\AndroidPlayer\OpenJDK\jre\bin\server\jvm.dll
0x00007fff7af80000 - 0x00007fff7af88000 	C:\Windows\System32\PSAPI.DLL
0x00007fff73710000 - 0x00007fff7371a000 	C:\Windows\SYSTEM32\VERSION.dll
0x00007fff507a0000 - 0x00007fff507c7000 	C:\Windows\SYSTEM32\WINMM.dll
0x00007fff757d0000 - 0x00007fff757d9000 	C:\Windows\SYSTEM32\WSOCK32.dll
0x00007fff7af10000 - 0x00007fff7af7b000 	C:\Windows\System32\WS2_32.dll
0x00007fff721f0000 - 0x00007fff721ff000 	C:\Program Files\Unity\Hub\Editor\2020.3.30f1\Editor\Data\PlaybackEngines\AndroidPlayer\OpenJDK\jre\bin\verify.dll
0x00007fff555d0000 - 0x00007fff555f9000 	C:\Program Files\Unity\Hub\Editor\2020.3.30f1\Editor\Data\PlaybackEngines\AndroidPlayer\OpenJDK\jre\bin\java.dll
0x00007fff3d5e0000 - 0x00007fff3d5f6000 	C:\Program Files\Unity\Hub\Editor\2020.3.30f1\Editor\Data\PlaybackEngines\AndroidPlayer\OpenJDK\jre\bin\zip.dll
0x00007fff7b680000 - 0x00007fff7bdc4000 	C:\Windows\System32\SHELL32.dll
0x00007fff784b0000 - 0x00007fff78c44000 	C:\Windows\SYSTEM32\windows.storage.dll
0x00007fff7bea0000 - 0x00007fff7c1f4000 	C:\Windows\System32\combase.dll
0x00007fff79d90000 - 0x00007fff79dbc000 	C:\Windows\SYSTEM32\Wldp.dll
0x00007fff7ad90000 - 0x00007fff7ae3d000 	C:\Windows\System32\SHCORE.dll
0x00007fff7ad30000 - 0x00007fff7ad85000 	C:\Windows\System32\shlwapi.dll
0x00007fff7a330000 - 0x00007fff7a34f000 	C:\Windows\SYSTEM32\profapi.dll
0x00007fff3d0b0000 - 0x00007fff3d0ca000 	C:\Program Files\Unity\Hub\Editor\2020.3.30f1\Editor\Data\PlaybackEngines\AndroidPlayer\OpenJDK\jre\bin\net.dll
0x00007fff79aa0000 - 0x00007fff79b0a000 	C:\Windows\system32\mswsock.dll
0x00007fff3c610000 - 0x00007fff3c621000 	C:\Program Files\Unity\Hub\Editor\2020.3.30f1\Editor\Data\PlaybackEngines\AndroidPlayer\OpenJDK\jre\bin\nio.dll
0x00007fff721d0000 - 0x00007fff721ee000 	C:\Users\HP\.gradle\native\25\windows-amd64\native-platform.dll
0x00007fff3ed00000 - 0x00007fff3ed0d000 	C:\Program Files\Unity\Hub\Editor\2020.3.30f1\Editor\Data\PlaybackEngines\AndroidPlayer\OpenJDK\jre\bin\management.dll
0x00007fff797a0000 - 0x00007fff797db000 	C:\Windows\SYSTEM32\IPHLPAPI.DLL
0x00007fff7c360000 - 0x00007fff7c368000 	C:\Windows\System32\NSI.dll
0x00007fff72670000 - 0x00007fff72687000 	C:\Windows\SYSTEM32\dhcpcsvc6.DLL
0x00007fff72470000 - 0x00007fff7248d000 	C:\Windows\SYSTEM32\dhcpcsvc.DLL
0x00007fff797e0000 - 0x00007fff798ab000 	C:\Windows\SYSTEM32\DNSAPI.dll
0x00007fff79c80000 - 0x00007fff79c98000 	C:\Windows\SYSTEM32\CRYPTSP.dll
0x00007fff79430000 - 0x00007fff79464000 	C:\Windows\system32\rsaenh.dll
0x00007fff7a5e0000 - 0x00007fff7a607000 	C:\Windows\System32\bcrypt.dll
0x00007fff7a2f0000 - 0x00007fff7a31e000 	C:\Windows\SYSTEM32\USERENV.dll
0x00007fff7a3f0000 - 0x00007fff7a472000 	C:\Windows\System32\bcryptprimitives.dll
0x00007fff79ca0000 - 0x00007fff79cac000 	C:\Windows\SYSTEM32\CRYPTBASE.dll
0x00007fff790c0000 - 0x00007fff790f3000 	C:\Windows\SYSTEM32\ntmarta.dll

VM Arguments:
jvm_args: -Dorg.gradle.appname=gradlew 
java_command: org.gradle.wrapper.GradleWrapperMain --no-daemon -b C:\Users\HP\Desktop\game\project2\Temp\PlayServicesResolverGradle\PlayServicesResolver.scripts.download_artifacts.gradle -PANDROID_HOME=C:/Program Files/Unity/Hub/Editor/2020.3.30f1/Editor/Data/PlaybackEngines/AndroidPlayer\SDK -PTARGET_DIR=C:\Users\HP\Desktop\game\project2\Assets\Plugins\Android -PMAVEN_REPOS=https://maven.google.com/;file:///C:/Users/HP/Desktop/game/project2/Assets/GooglePlayGames/Editor/m2repository -PPACKAGES_TO_COPY=com.google.android.gms:play-services-ads:20.6.0;com.google.games:gpgs-plugin-support:0.10.12 -PUSE_JETIFIER=1 -PDATA_BINDING_VERSION=4.0.1
java_class_path (initial): C:\Users\HP\Desktop\game\project2\Temp\PlayServicesResolverGradle\\gradle\wrapper\gradle-wrapper.jar
Launcher Type: SUN_STANDARD

Environment Variables:
JAVA_HOME=C:\Program Files\Unity\Hub\Editor\2020.3.30f1\Editor\Data\PlaybackEngines\AndroidPlayer\OpenJDK
CLASSPATH=C:\Users\HP\Desktop\game\project2\Temp\PlayServicesResolverGradle\\gradle\wrapper\gradle-wrapper.jar
PATH=C:\Program Files\Java\jdk1.8.0_202\bin;C:\Program Files (x86)\Common Files\Oracle\Java\javapath;C:\Program Files\Common Files\Oracle\Java\javapath;C:\Windows\system32;C:\Windows;C:\Windows\System32\Wbem;C:\Windows\System32\WindowsPowerShell\v1.0\;C:\Windows\System32\OpenSSH\;C:\Program Files\Git\cmd;C:\Program Files\Docker\Docker\resources\bin;C:\ProgramData\DockerDesktop\version-bin;C:\Users\HP\AppData\Local\Programs\Python\Python310\Scripts\;C:\Users\HP\AppData\Local\Programs\Python\Python310\;C:\Program Files\Java\jdk1.6.0\bin;C:\Windows\system32;C:\Windows;C:\Windows\System32\Wbem;C:\Windows\System32\WindowsPowerShell\v1.0\;C:\Windows\System32\OpenSSH\;C:\Program Files\nodejs\;C:\Program Files\Git\cmd;C:\Program Files\nodejs;C:\Program Files\Git\cmd;C:\Program Files\heroku\bin;C:\Users\HP\AppData\Local\GitHubDesktop\bin;"C:\JRPCv6;C:\JRPCv6\bin\lib\djrpc.jar";
USERNAME=HP
OS=Windows_NT
PROCESSOR_IDENTIFIER=Intel64 Family 6 Model 142 Stepping 9, GenuineIntel



---------------  S Y S T E M  ---------------

OS: Windows 10.0 , 64 bit Build 19041 (10.0.19041.1645)

CPU:total 4 (initial active 4) (2 cores per cpu, 2 threads per core) family 6 model 142 stepping 9, cmov, cx8, fxsr, mmx, sse, sse2, sse3, ssse3, sse4.1, sse4.2, popcnt, avx, avx2, aes, clmul, erms, 3dnowpref, lzcnt, ht, tsc, tscinvbit, bmi1, bmi2, adx

Memory: 4k page, physical 8303524k(787888k free), swap 23853776k(4368k free)

vm_info: OpenJDK 64-Bit Server VM (25.71-b00) for windows-amd64 JRE (1.8.0-adoptopenjdk-_2018_05_19_00_59-b00), built on May 19 2018 01:02:12 by "jenkins" with MS VC++ 10.0 (VS2010)

time: Tue May 10 13:59:34 2022
elapsed time: 13 seconds (0d 0h 0m 13s)

