#
# There is insufficient memory for the Java Runtime Environment to continue.
# Native memory allocation (malloc) failed to allocate 111552 bytes for Chunk::new
# Possible reasons:
#   The system is out of physical RAM or swap space
#   In 32 bit mode, the process size limit was hit
# Possible solutions:
#   Reduce memory load on the system
#   Increase physical memory or swap space
#   Check if swap backing store is full
#   Use 64 bit Java on a 64 bit OS
#   Decrease Java heap size (-Xmx/-Xms)
#   Decrease number of Java threads
#   Decrease Java thread stack sizes (-Xss)
#   Set larger code cache with -XX:ReservedCodeCacheSize=
# This output file may be truncated or incomplete.
#
#  Out of Memory Error (allocation.cpp:390), pid=38432, tid=0x00000000000096fc
#
# JRE version: OpenJDK Runtime Environment (8.0) (build 1.8.0-adoptopenjdk-_2018_05_19_00_59-b00)
# Java VM: OpenJDK 64-Bit Server VM (25.71-b00 mixed mode windows-amd64 compressed oops)
# Failed to write core dump. Minidumps are not enabled by default on client versions of Windows
#

---------------  T H R E A D  ---------------

Current thread (0x00000000173e2000):  JavaThread "C2 CompilerThread0" daemon [_thread_in_native, id=38652, stack(0x0000000018a30000,0x0000000018b30000)]

Stack: [0x0000000018a30000,0x0000000018b30000]
[error occurred during error reporting (printing stack bounds), id 0xc0000005]

Native frames: (J=compiled Java code, j=interpreted, Vv=VM code, C=native code)


Current CompileTask:
C2:   5747 2401   !   4       java.net.URLClassLoader$1::run (63 bytes)


---------------  P R O C E S S  ---------------

Java Threads: ( => current thread )
  0x000000001b94d800 JavaThread "Cache worker for Build Output Cleanup Cache (C:\Users\HP\Desktop\game\project2\Temp\PlayServicesResolverGradle\.gradle\buildOutputCleanup)" [_thread_blocked, id=41528, stack(0x0000000021f70000,0x0000000022070000)]
  0x000000001b94b800 JavaThread "Build operations Thread 4" [_thread_blocked, id=38592, stack(0x0000000021e70000,0x0000000021f70000)]
  0x000000001b94a800 JavaThread "Build operations Thread 3" [_thread_blocked, id=38924, stack(0x0000000020b30000,0x0000000020c30000)]
  0x000000001b94d000 JavaThread "Build operations Thread 2" [_thread_blocked, id=33072, stack(0x0000000020a30000,0x0000000020b30000)]
  0x000000001b949800 JavaThread "Build operations" [_thread_blocked, id=40432, stack(0x0000000020930000,0x0000000020a30000)]
  0x0000000020f3d800 JavaThread "Cache worker for execution history cache (C:\Users\HP\.gradle\caches\5.1.1\executionHistory)" [_thread_blocked, id=39788, stack(0x00000000201a0000,0x00000000202a0000)]
  0x000000001e451800 JavaThread "Cache worker for cache directory md-rule (C:\Users\HP\.gradle\caches\5.1.1\md-rule)" [_thread_blocked, id=36848, stack(0x00000000200a0000,0x00000000201a0000)]
  0x000000001bb71000 JavaThread "Cache worker for cache directory md-supplier (C:\Users\HP\.gradle\caches\5.1.1\md-supplier)" [_thread_blocked, id=29284, stack(0x000000001ecf0000,0x000000001edf0000)]
  0x000000001b8c6000 JavaThread "Cache worker for file hash cache (C:\Users\HP\Desktop\game\project2\Temp\PlayServicesResolverGradle\.gradle\5.1.1\fileHashes)" [_thread_blocked, id=39840, stack(0x000000001c610000,0x000000001c710000)]
  0x000000001a5f4800 JavaThread "Cache worker for journal cache (C:\Users\HP\.gradle\caches\journal-1)" [_thread_blocked, id=40216, stack(0x000000001b000000,0x000000001b100000)]
  0x000000001a5f2800 JavaThread "File lock request listener" [_thread_in_native, id=38260, stack(0x000000001af00000,0x000000001b000000)]
  0x000000001a67f000 JavaThread "Cache worker for file hash cache (C:\Users\HP\.gradle\caches\5.1.1\fileHashes)" [_thread_blocked, id=40208, stack(0x000000001ae00000,0x000000001af00000)]
  0x00000000197c7000 JavaThread "pool-1-thread-1" [_thread_blocked, id=21216, stack(0x0000000019b30000,0x0000000019c30000)]
  0x0000000018d68800 JavaThread "Service Thread" daemon [_thread_blocked, id=40156, stack(0x0000000019130000,0x0000000019230000)]
  0x00000000173f3000 JavaThread "C1 CompilerThread2" daemon [_thread_blocked, id=9316, stack(0x0000000018c30000,0x0000000018d30000)]
  0x00000000173e5800 JavaThread "C2 CompilerThread1" daemon [_thread_in_native, id=15972, stack(0x0000000018b30000,0x0000000018c30000)]
=>0x00000000173e2000 JavaThread "C2 CompilerThread0" daemon [_thread_in_native, id=38652, stack(0x0000000018a30000,0x0000000018b30000)]
  0x00000000173e1000 JavaThread "Attach Listener" daemon [_thread_blocked, id=41092, stack(0x0000000018930000,0x0000000018a30000)]
  0x00000000173dd800 JavaThread "Signal Dispatcher" daemon [_thread_blocked, id=9160, stack(0x0000000018830000,0x0000000018930000)]
  0x00000000173c8800 JavaThread "Finalizer" daemon [_thread_blocked, id=20644, stack(0x0000000018630000,0x0000000018730000)]
  0x0000000002863800 JavaThread "Reference Handler" daemon [_thread_blocked, id=37896, stack(0x0000000018530000,0x0000000018630000)]
  0x000000000271e800 JavaThread "main" [_thread_in_vm, id=36428, stack(0x0000000002580000,0x0000000002680000)]

Other Threads:
  0x00000000173a3800 VMThread [stack: 0x0000000018430000,0x0000000018530000] [id=38488]
  0x0000000018d74000 WatcherThread [stack: 0x0000000019230000,0x0000000019330000] [id=19592]

VM state:not at safepoint (normal execution)

VM Mutex/Monitor currently owned by a thread: None

Heap:
 PSYoungGen      total 205312K, used 11237K [0x00000000d5c00000, 0x00000000e3f00000, 0x0000000100000000)
  eden space 189952K, 5% used [0x00000000d5c00000,0x00000000d66f9680,0x00000000e1580000)
  from space 15360K, 0% used [0x00000000e2580000,0x00000000e2580000,0x00000000e3480000)
  to   space 16384K, 0% used [0x00000000e1580000,0x00000000e1580000,0x00000000e2580000)
 ParOldGen       total 112640K, used 19268K [0x0000000081400000, 0x0000000088200000, 0x00000000d5c00000)
  object space 112640K, 17% used [0x0000000081400000,0x00000000826d12b8,0x0000000088200000)
 Metaspace       used 34838K, capacity 35556K, committed 35800K, reserved 1079296K
  class space    used 4779K, capacity 5044K, committed 5120K, reserved 1048576K

Card table byte_map: [0x0000000011c30000,0x0000000012030000] byte_map_base: 0x0000000011826000

Marking Bits: (ParMarkBitMap*) 0x000000005871be50
 Begin Bits: [0x00000000126e0000, 0x0000000014690000)
 End Bits:   [0x0000000014690000, 0x0000000016640000)

Polling page: 0x0000000000d40000

CodeCache: size=245760Kb used=10396Kb max_used=10396Kb free=235363Kb
 bounds [0x0000000002870000, 0x00000000032a0000, 0x0000000011870000]
 total_blobs=3391 nmethods=2692 adapters=612
 compilation: enabled

Compilation events (10 events):
Event: 5.724 Thread 0x00000000173f3000 2716       2       org.codehaus.groovy.classgen.asm.BytecodeHelper::getClassInternalName (9 bytes)
Event: 5.724 Thread 0x00000000173f3000 nmethod 2716 0x0000000003299910 code [0x0000000003299a80, 0x0000000003299be8]
Event: 5.730 Thread 0x00000000173f3000 2717       2       java.lang.reflect.WeakCache$CacheKey::<init> (15 bytes)
Event: 5.730 Thread 0x00000000173f3000 nmethod 2717 0x0000000003299c90 code [0x0000000003299e00, 0x0000000003299fe8]
Event: 5.740 Thread 0x00000000173f3000 2718   !   2       org.codehaus.groovy.reflection.ClassInfo::getMetaClass (33 bytes)
Event: 5.741 Thread 0x00000000173f3000 nmethod 2718 0x000000000329a090 code [0x000000000329a260, 0x000000000329a6c8]
Event: 5.741 Thread 0x00000000173f3000 2719       2       org.codehaus.groovy.reflection.ClassInfo::isValidWeakMetaClass (13 bytes)
Event: 5.742 Thread 0x00000000173f3000 nmethod 2719 0x000000000329ab90 code [0x000000000329ace0, 0x000000000329aed0]
Event: 5.742 Thread 0x00000000173f3000 2720       2       org.codehaus.groovy.reflection.ParameterTypes::correctArguments (79 bytes)
Event: 5.742 Thread 0x00000000173f3000 nmethod 2720 0x000000000329af90 code [0x000000000329b140, 0x000000000329b548]

GC Heap History (10 events):
Event: 2.800 GC heap before
{Heap before GC invocations=4 (full 0):
 PSYoungGen      total 71680K, used 40477K [0x00000000d5c00000, 0x00000000de800000, 0x0000000100000000)
  eden space 66560K, 53% used [0x00000000d5c00000,0x00000000d7e8f560,0x00000000d9d00000)
  from space 5120K, 99% used [0x00000000d9d00000,0x00000000da1f8040,0x00000000da200000)
  to   space 5120K, 0% used [0x00000000de300000,0x00000000de300000,0x00000000de800000)
 ParOldGen       total 87552K, used 5534K [0x0000000081400000, 0x0000000086980000, 0x00000000d5c00000)
  object space 87552K, 6% used [0x0000000081400000,0x00000000819678a0,0x0000000086980000)
 Metaspace       used 20737K, capacity 21100K, committed 21248K, reserved 1067008K
  class space    used 2884K, capacity 3032K, committed 3072K, reserved 1048576K
Event: 2.815 GC heap after
Heap after GC invocations=4 (full 0):
 PSYoungGen      total 138240K, used 5088K [0x00000000d5c00000, 0x00000000de800000, 0x0000000100000000)
  eden space 133120K, 0% used [0x00000000d5c00000,0x00000000d5c00000,0x00000000dde00000)
  from space 5120K, 99% used [0x00000000de300000,0x00000000de7f8050,0x00000000de800000)
  to   space 5120K, 0% used [0x00000000dde00000,0x00000000dde00000,0x00000000de300000)
 ParOldGen       total 87552K, used 10602K [0x0000000081400000, 0x0000000086980000, 0x00000000d5c00000)
  object space 87552K, 12% used [0x0000000081400000,0x0000000081e5aab8,0x0000000086980000)
 Metaspace       used 20737K, capacity 21100K, committed 21248K, reserved 1067008K
  class space    used 2884K, capacity 3032K, committed 3072K, reserved 1048576K
}
Event: 2.815 GC heap before
{Heap before GC invocations=5 (full 1):
 PSYoungGen      total 138240K, used 5088K [0x00000000d5c00000, 0x00000000de800000, 0x0000000100000000)
  eden space 133120K, 0% used [0x00000000d5c00000,0x00000000d5c00000,0x00000000dde00000)
  from space 5120K, 99% used [0x00000000de300000,0x00000000de7f8050,0x00000000de800000)
  to   space 5120K, 0% used [0x00000000dde00000,0x00000000dde00000,0x00000000de300000)
 ParOldGen       total 87552K, used 10602K [0x0000000081400000, 0x0000000086980000, 0x00000000d5c00000)
  object space 87552K, 12% used [0x0000000081400000,0x0000000081e5aab8,0x0000000086980000)
 Metaspace       used 20737K, capacity 21100K, committed 21248K, reserved 1067008K
  class space    used 2884K, capacity 3032K, committed 3072K, reserved 1048576K
Event: 2.865 GC heap after
Heap after GC invocations=5 (full 1):
 PSYoungGen      total 138240K, used 0K [0x00000000d5c00000, 0x00000000de800000, 0x0000000100000000)
  eden space 133120K, 0% used [0x00000000d5c00000,0x00000000d5c00000,0x00000000dde00000)
  from space 5120K, 0% used [0x00000000de300000,0x00000000de300000,0x00000000de800000)
  to   space 5120K, 0% used [0x00000000dde00000,0x00000000dde00000,0x00000000de300000)
 ParOldGen       total 68608K, used 9950K [0x0000000081400000, 0x0000000085700000, 0x00000000d5c00000)
  object space 68608K, 14% used [0x0000000081400000,0x0000000081db7bd0,0x0000000085700000)
 Metaspace       used 20737K, capacity 21100K, committed 21248K, reserved 1067008K
  class space    used 2884K, capacity 3032K, committed 3072K, reserved 1048576K
}
Event: 4.394 GC heap before
{Heap before GC invocations=6 (full 1):
 PSYoungGen      total 138240K, used 133120K [0x00000000d5c00000, 0x00000000de800000, 0x0000000100000000)
  eden space 133120K, 100% used [0x00000000d5c00000,0x00000000dde00000,0x00000000dde00000)
  from space 5120K, 0% used [0x00000000de300000,0x00000000de300000,0x00000000de800000)
  to   space 5120K, 0% used [0x00000000dde00000,0x00000000dde00000,0x00000000de300000)
 ParOldGen       total 68608K, used 9950K [0x0000000081400000, 0x0000000085700000, 0x00000000d5c00000)
  object space 68608K, 14% used [0x0000000081400000,0x0000000081db7bd0,0x0000000085700000)
 Metaspace       used 30559K, capacity 30880K, committed 31232K, reserved 1077248K
  class space    used 4190K, capacity 4345K, committed 4352K, reserved 1048576K
Event: 4.407 GC heap after
Heap after GC invocations=6 (full 1):
 PSYoungGen      total 138240K, used 5109K [0x00000000d5c00000, 0x00000000e3480000, 0x0000000100000000)
  eden space 133120K, 0% used [0x00000000d5c00000,0x00000000d5c00000,0x00000000dde00000)
  from space 5120K, 99% used [0x00000000dde00000,0x00000000de2fd438,0x00000000de300000)
  to   space 15360K, 0% used [0x00000000e2580000,0x00000000e2580000,0x00000000e3480000)
 ParOldGen       total 68608K, used 17093K [0x0000000081400000, 0x0000000085700000, 0x00000000d5c00000)
  object space 68608K, 24% used [0x0000000081400000,0x00000000824b17d0,0x0000000085700000)
 Metaspace       used 30559K, capacity 30880K, committed 31232K, reserved 1077248K
  class space    used 4190K, capacity 4345K, committed 4352K, reserved 1048576K
}
Event: 5.273 GC heap before
{Heap before GC invocations=7 (full 1):
 PSYoungGen      total 138240K, used 89984K [0x00000000d5c00000, 0x00000000e3480000, 0x0000000100000000)
  eden space 133120K, 63% used [0x00000000d5c00000,0x00000000daee2c08,0x00000000dde00000)
  from space 5120K, 99% used [0x00000000dde00000,0x00000000de2fd438,0x00000000de300000)
  to   space 15360K, 0% used [0x00000000e2580000,0x00000000e2580000,0x00000000e3480000)
 ParOldGen       total 68608K, used 17093K [0x0000000081400000, 0x0000000085700000, 0x00000000d5c00000)
  object space 68608K, 24% used [0x0000000081400000,0x00000000824b17d0,0x0000000085700000)
 Metaspace       used 34539K, capacity 35278K, committed 35416K, reserved 1079296K
  class space    used 4717K, capacity 4962K, committed 4992K, reserved 1048576K
Event: 5.298 GC heap after
Heap after GC invocations=7 (full 1):
 PSYoungGen      total 205312K, used 12593K [0x00000000d5c00000, 0x00000000e3f00000, 0x0000000100000000)
  eden space 189952K, 0% used [0x00000000d5c00000,0x00000000d5c00000,0x00000000e1580000)
  from space 15360K, 81% used [0x00000000e2580000,0x00000000e31cc410,0x00000000e3480000)
  to   space 16384K, 0% used [0x00000000e1580000,0x00000000e1580000,0x00000000e2580000)
 ParOldGen       total 68608K, used 17101K [0x0000000081400000, 0x0000000085700000, 0x00000000d5c00000)
  object space 68608K, 24% used [0x0000000081400000,0x00000000824b37d0,0x0000000085700000)
 Metaspace       used 34539K, capacity 35278K, committed 35416K, reserved 1079296K
  class space    used 4717K, capacity 4962K, committed 4992K, reserved 1048576K
}
Event: 5.299 GC heap before
{Heap before GC invocations=8 (full 2):
 PSYoungGen      total 205312K, used 12593K [0x00000000d5c00000, 0x00000000e3f00000, 0x0000000100000000)
  eden space 189952K, 0% used [0x00000000d5c00000,0x00000000d5c00000,0x00000000e1580000)
  from space 15360K, 81% used [0x00000000e2580000,0x00000000e31cc410,0x00000000e3480000)
  to   space 16384K, 0% used [0x00000000e1580000,0x00000000e1580000,0x00000000e2580000)
 ParOldGen       total 68608K, used 17101K [0x0000000081400000, 0x0000000085700000, 0x00000000d5c00000)
  object space 68608K, 24% used [0x0000000081400000,0x00000000824b37d0,0x0000000085700000)
 Metaspace       used 34539K, capacity 35278K, committed 35416K, reserved 1079296K
  class space    used 4717K, capacity 4962K, committed 4992K, reserved 1048576K
Event: 5.404 GC heap after
Heap after GC invocations=8 (full 2):
 PSYoungGen      total 205312K, used 0K [0x00000000d5c00000, 0x00000000e3f00000, 0x0000000100000000)
  eden space 189952K, 0% used [0x00000000d5c00000,0x00000000d5c00000,0x00000000e1580000)
  from space 15360K, 0% used [0x00000000e2580000,0x00000000e2580000,0x00000000e3480000)
  to   space 16384K, 0% used [0x00000000e1580000,0x00000000e1580000,0x00000000e2580000)
 ParOldGen       total 112640K, used 19268K [0x0000000081400000, 0x0000000088200000, 0x00000000d5c00000)
  object space 112640K, 17% used [0x0000000081400000,0x00000000826d12b8,0x0000000088200000)
 Metaspace       used 34525K, capacity 35230K, committed 35416K, reserved 1079296K
  class space    used 4713K, capacity 4954K, committed 4992K, reserved 1048576K
}

Deoptimization events (10 events):
Event: 4.627 Thread 0x000000001b94b800 Uncommon trap: reason=unstable_if action=reinterpret pc=0x0000000002c32bac method=java.util.concurrent.ConcurrentHashMap.addCount(JI)V @ 34
Event: 4.627 Thread 0x000000001b949800 Uncommon trap: reason=unstable_if action=reinterpret pc=0x0000000002c32bac method=java.util.concurrent.ConcurrentHashMap.addCount(JI)V @ 34
Event: 4.856 Thread 0x000000000271e800 Uncommon trap: reason=bimorphic action=maybe_recompile pc=0x0000000003018250 method=java.lang.ClassLoader.getPackage(Ljava/lang/String;)Ljava/lang/Package; @ 47
Event: 4.859 Thread 0x000000000271e800 Uncommon trap: reason=bimorphic action=maybe_recompile pc=0x0000000003018250 method=java.lang.ClassLoader.getPackage(Ljava/lang/String;)Ljava/lang/Package; @ 47
Event: 4.860 Thread 0x000000000271e800 Uncommon trap: reason=bimorphic action=maybe_recompile pc=0x0000000003018250 method=java.lang.ClassLoader.getPackage(Ljava/lang/String;)Ljava/lang/Package; @ 47
Event: 4.863 Thread 0x000000000271e800 Uncommon trap: reason=bimorphic action=maybe_recompile pc=0x0000000003018250 method=java.lang.ClassLoader.getPackage(Ljava/lang/String;)Ljava/lang/Package; @ 47
Event: 4.873 Thread 0x000000000271e800 Uncommon trap: reason=bimorphic action=maybe_recompile pc=0x0000000002fe403c method=java.lang.ClassLoader.getPackage(Ljava/lang/String;)Ljava/lang/Package; @ 47
Event: 5.233 Thread 0x000000000271e800 Uncommon trap: reason=predicate action=maybe_recompile pc=0x000000000316b734 method=java.util.Arrays.binarySearch0([Ljava/lang/Object;IILjava/lang/Object;Ljava/util/Comparator;)I @ 28
Event: 5.404 Thread 0x0000000002863800 Uncommon trap: reason=unstable_if action=reinterpret pc=0x0000000003097ebc method=java.lang.ref.Reference.tryHandlePending(Z)Z @ 104
Event: 5.547 Thread 0x000000000271e800 Uncommon trap: reason=unstable_if action=reinterpret pc=0x00000000031a4904 method=org.codehaus.groovy.runtime.metaclass.MetaMethodIndex.isNonRealMethod(Lgroovy/lang/MetaMethod;)Z @ 4

Classes redefined (0 events):
No events

Internal exceptions (10 events):
Event: 5.674 Thread 0x000000000271e800 Exception <a 'java/lang/ClassNotFoundException': java/util/HashSetBeanInfo> (0x00000000d61edec8) thrown at [C:\Users\jenkins\workspace\openjdk8_build_x86-64_windows\openjdk\hotspot\src\share\vm\classfile\systemDictionary.cpp, line 210]
Event: 5.674 Thread 0x000000000271e800 Exception <a 'java/lang/ClassNotFoundException': java/util/AbstractSetBeanInfo> (0x00000000d61f2fc0) thrown at [C:\Users\jenkins\workspace\openjdk8_build_x86-64_windows\openjdk\hotspot\src\share\vm\classfile\systemDictionary.cpp, line 210]
Event: 5.674 Thread 0x000000000271e800 Exception <a 'java/lang/ClassNotFoundException': java/util/AbstractSetCustomizer> (0x00000000d61f80b8) thrown at [C:\Users\jenkins\workspace\openjdk8_build_x86-64_windows\openjdk\hotspot\src\share\vm\classfile\systemDictionary.cpp, line 210]
Event: 5.675 Thread 0x000000000271e800 Exception <a 'java/lang/ClassNotFoundException': java/util/HashSetCustomizer> (0x00000000d62020c0) thrown at [C:\Users\jenkins\workspace\openjdk8_build_x86-64_windows\openjdk\hotspot\src\share\vm\classfile\systemDictionary.cpp, line 210]
Event: 5.676 Thread 0x000000000271e800 Exception <a 'java/lang/ClassNotFoundException': java/util/LinkedHashSetCustomizer> (0x00000000d62112d8) thrown at [C:\Users\jenkins\workspace\openjdk8_build_x86-64_windows\openjdk\hotspot\src\share\vm\classfile\systemDictionary.cpp, line 210]
Event: 5.684 Thread 0x000000000271e800 Exception <a 'java/lang/reflect/InvocationTargetException'> (0x00000000d6253ff0) thrown at [C:\Users\jenkins\workspace\openjdk8_build_x86-64_windows\openjdk\hotspot\src\share\vm\runtime\reflection.cpp, line 1092]
Event: 5.718 Thread 0x000000000271e800 Exception <a 'java/lang/ClassNotFoundException': java/util/LinkedHashMap$EntryBeanInfo> (0x00000000d6390930) thrown at [C:\Users\jenkins\workspace\openjdk8_build_x86-64_windows\openjdk\hotspot\src\share\vm\classfile\systemDictionary.cpp, line 210]
Event: 5.718 Thread 0x000000000271e800 Exception <a 'java/lang/ClassNotFoundException': java/util/HashMap$NodeBeanInfo> (0x00000000d63963d0) thrown at [C:\Users\jenkins\workspace\openjdk8_build_x86-64_windows\openjdk\hotspot\src\share\vm\classfile\systemDictionary.cpp, line 210]
Event: 5.719 Thread 0x000000000271e800 Exception <a 'java/lang/ClassNotFoundException': java/util/HashMap$NodeCustomizer> (0x00000000d639beb8) thrown at [C:\Users\jenkins\workspace\openjdk8_build_x86-64_windows\openjdk\hotspot\src\share\vm\classfile\systemDictionary.cpp, line 210]
Event: 5.721 Thread 0x000000000271e800 Exception <a 'java/lang/ClassNotFoundException': java/util/LinkedHashMap$EntryCustomizer> (0x00000000d63ab228) thrown at [C:\Users\jenkins\workspace\openjdk8_build_x86-64_windows\openjdk\hotspot\src\share\vm\classfile\systemDictionary.cpp, line 210]

Events (10 events):
Event: 5.720 loading class java/util/HashMap$KeySpliterator
Event: 5.720 loading class java/util/HashMap$KeySpliterator done
Event: 5.720 loading class java/util/LinkedHashMap$EntryCustomizer
Event: 5.720 loading class java/util/LinkedHashMap$EntryCustomizer done
Event: 5.721 loading class java/util/LinkedHashMap$EntryCustomizer
Event: 5.721 loading class java/util/LinkedHashMap$EntryCustomizer done
Event: 5.722 loading class org/codehaus/groovy/runtime/callsite/GetEffectivePogoFieldSite
Event: 5.722 loading class org/codehaus/groovy/runtime/callsite/GetEffectivePogoFieldSite done
Event: 5.742 loading class groovy/runtime/metaclass/PlayServicesResolver_scripts_d_81c99rcnuwl0r5fua4o8ttpms$_fallbackToSrcAarArtifacts_closure27MetaClass
Event: 5.742 loading class groovy/runtime/metaclass/PlayServicesResolver_scripts_d_81c99rcnuwl0r5fua4o8ttpms$_fallbackToSrcAarArtifacts_closure27MetaClass done


Dynamic libraries:
0x00007ff74b550000 - 0x00007ff74b585000 	C:\Program Files\Unity\Hub\Editor\2020.3.30f1\Editor\Data\PlaybackEngines\AndroidPlayer\OpenJDK\bin\java.exe
0x00007fff7ccd0000 - 0x00007fff7cec5000 	C:\Windows\SYSTEM32\ntdll.dll
0x00007fff7c900000 - 0x00007fff7c9be000 	C:\Windows\System32\KERNEL32.DLL
0x00007fff7a9c0000 - 0x00007fff7ac88000 	C:\Windows\System32\KERNELBASE.dll
0x00007fff77890000 - 0x00007fff77920000 	C:\Windows\SYSTEM32\apphelp.dll
0x00007fff7c6a0000 - 0x00007fff7c74e000 	C:\Windows\System32\ADVAPI32.dll
0x00007fff7c260000 - 0x00007fff7c2fe000 	C:\Windows\System32\msvcrt.dll
0x00007fff7ae40000 - 0x00007fff7aedc000 	C:\Windows\System32\sechost.dll
0x00007fff7b550000 - 0x00007fff7b675000 	C:\Windows\System32\RPCRT4.dll
0x00007fff7c500000 - 0x00007fff7c6a0000 	C:\Windows\System32\USER32.dll
0x00007fff7a7e0000 - 0x00007fff7a802000 	C:\Windows\System32\win32u.dll
0x00007fff7aee0000 - 0x00007fff7af0a000 	C:\Windows\System32\GDI32.dll
0x00007fff7a610000 - 0x00007fff7a71b000 	C:\Windows\System32\gdi32full.dll
0x00007fff7ac90000 - 0x00007fff7ad2d000 	C:\Windows\System32\msvcp_win.dll
0x00007fff7a810000 - 0x00007fff7a910000 	C:\Windows\System32\ucrtbase.dll
0x00007fff5f290000 - 0x00007fff5f52a000 	C:\Windows\WinSxS\amd64_microsoft.windows.common-controls_6595b64144ccf1df_6.0.19041.1110_none_60b5254171f9507e\COMCTL32.dll
0x00007fff7c230000 - 0x00007fff7c260000 	C:\Windows\System32\IMM32.DLL
0x00000000587a0000 - 0x0000000058872000 	C:\Program Files\Unity\Hub\Editor\2020.3.30f1\Editor\Data\PlaybackEngines\AndroidPlayer\OpenJDK\jre\bin\msvcr100.dll
0x0000000057f50000 - 0x0000000058799000 	C:\Program Files\Unity\Hub\Editor\2020.3.30f1\Editor\Data\PlaybackEngines\AndroidPlayer\OpenJDK\jre\bin\server\jvm.dll
0x00007fff7af80000 - 0x00007fff7af88000 	C:\Windows\System32\PSAPI.DLL
0x00007fff507a0000 - 0x00007fff507c7000 	C:\Windows\SYSTEM32\WINMM.dll
0x00007fff73710000 - 0x00007fff7371a000 	C:\Windows\SYSTEM32\VERSION.dll
0x00007fff757d0000 - 0x00007fff757d9000 	C:\Windows\SYSTEM32\WSOCK32.dll
0x00007fff7af10000 - 0x00007fff7af7b000 	C:\Windows\System32\WS2_32.dll
0x00007fff721f0000 - 0x00007fff721ff000 	C:\Program Files\Unity\Hub\Editor\2020.3.30f1\Editor\Data\PlaybackEngines\AndroidPlayer\OpenJDK\jre\bin\verify.dll
0x00007fff555d0000 - 0x00007fff555f9000 	C:\Program Files\Unity\Hub\Editor\2020.3.30f1\Editor\Data\PlaybackEngines\AndroidPlayer\OpenJDK\jre\bin\java.dll
0x00007fff3d5e0000 - 0x00007fff3d5f6000 	C:\Program Files\Unity\Hub\Editor\2020.3.30f1\Editor\Data\PlaybackEngines\AndroidPlayer\OpenJDK\jre\bin\zip.dll
0x00007fff7b680000 - 0x00007fff7bdc4000 	C:\Windows\System32\SHELL32.dll
0x00007fff784b0000 - 0x00007fff78c44000 	C:\Windows\SYSTEM32\windows.storage.dll
0x00007fff7bea0000 - 0x00007fff7c1f4000 	C:\Windows\System32\combase.dll
0x00007fff79d90000 - 0x00007fff79dbc000 	C:\Windows\SYSTEM32\Wldp.dll
0x00007fff7ad90000 - 0x00007fff7ae3d000 	C:\Windows\System32\SHCORE.dll
0x00007fff7ad30000 - 0x00007fff7ad85000 	C:\Windows\System32\shlwapi.dll
0x00007fff7a330000 - 0x00007fff7a34f000 	C:\Windows\SYSTEM32\profapi.dll
0x00007fff3d0b0000 - 0x00007fff3d0ca000 	C:\Program Files\Unity\Hub\Editor\2020.3.30f1\Editor\Data\PlaybackEngines\AndroidPlayer\OpenJDK\jre\bin\net.dll
0x00007fff79aa0000 - 0x00007fff79b0a000 	C:\Windows\system32\mswsock.dll
0x00007fff3c610000 - 0x00007fff3c621000 	C:\Program Files\Unity\Hub\Editor\2020.3.30f1\Editor\Data\PlaybackEngines\AndroidPlayer\OpenJDK\jre\bin\nio.dll
0x00007fff74710000 - 0x00007fff7472e000 	C:\Users\HP\.gradle\native\25\windows-amd64\native-platform.dll
0x00007fff3ed00000 - 0x00007fff3ed0d000 	C:\Program Files\Unity\Hub\Editor\2020.3.30f1\Editor\Data\PlaybackEngines\AndroidPlayer\OpenJDK\jre\bin\management.dll
0x00007fff797a0000 - 0x00007fff797db000 	C:\Windows\SYSTEM32\IPHLPAPI.DLL
0x00007fff7c360000 - 0x00007fff7c368000 	C:\Windows\System32\NSI.dll
0x00007fff72670000 - 0x00007fff72687000 	C:\Windows\SYSTEM32\dhcpcsvc6.DLL
0x00007fff72470000 - 0x00007fff7248d000 	C:\Windows\SYSTEM32\dhcpcsvc.DLL
0x00007fff797e0000 - 0x00007fff798ab000 	C:\Windows\SYSTEM32\DNSAPI.dll
0x00007fff79c80000 - 0x00007fff79c98000 	C:\Windows\SYSTEM32\CRYPTSP.dll
0x00007fff79430000 - 0x00007fff79464000 	C:\Windows\system32\rsaenh.dll
0x00007fff7a5e0000 - 0x00007fff7a607000 	C:\Windows\System32\bcrypt.dll
0x00007fff7a2f0000 - 0x00007fff7a31e000 	C:\Windows\SYSTEM32\USERENV.dll
0x00007fff7a3f0000 - 0x00007fff7a472000 	C:\Windows\System32\bcryptprimitives.dll
0x00007fff79ca0000 - 0x00007fff79cac000 	C:\Windows\SYSTEM32\CRYPTBASE.dll

VM Arguments:
jvm_args: -Dorg.gradle.appname=gradlew 
java_command: org.gradle.wrapper.GradleWrapperMain --no-daemon -b C:\Users\HP\Desktop\game\project2\Temp\PlayServicesResolverGradle\PlayServicesResolver.scripts.download_artifacts.gradle -PANDROID_HOME=C:/Program Files/Unity/Hub/Editor/2020.3.30f1/Editor/Data/PlaybackEngines/AndroidPlayer\SDK -PTARGET_DIR=C:\Users\HP\Desktop\game\project2\Assets\Plugins\Android -PMAVEN_REPOS=https://maven.google.com/;file:///C:/Users/HP/Desktop/game/project2/Assets/GooglePlayGames/Editor/m2repository -PPACKAGES_TO_COPY=com.google.android.gms:play-services-ads:20.6.0;com.google.games:gpgs-plugin-support:0.10.12 -PUSE_JETIFIER=1 -PDATA_BINDING_VERSION=4.0.1
java_class_path (initial): C:\Users\HP\Desktop\game\project2\Temp\PlayServicesResolverGradle\\gradle\wrapper\gradle-wrapper.jar
Launcher Type: SUN_STANDARD

Environment Variables:
JAVA_HOME=C:\Program Files\Unity\Hub\Editor\2020.3.30f1\Editor\Data\PlaybackEngines\AndroidPlayer\OpenJDK
CLASSPATH=C:\Users\HP\Desktop\game\project2\Temp\PlayServicesResolverGradle\\gradle\wrapper\gradle-wrapper.jar
PATH=C:\Program Files\Java\jdk1.8.0_202\bin;C:\Program Files (x86)\Common Files\Oracle\Java\javapath;C:\Program Files\Common Files\Oracle\Java\javapath;C:\Windows\system32;C:\Windows;C:\Windows\System32\Wbem;C:\Windows\System32\WindowsPowerShell\v1.0\;C:\Windows\System32\OpenSSH\;C:\Program Files\Git\cmd;C:\Program Files\Docker\Docker\resources\bin;C:\ProgramData\DockerDesktop\version-bin;C:\Users\HP\AppData\Local\Programs\Python\Python310\Scripts\;C:\Users\HP\AppData\Local\Programs\Python\Python310\;C:\Program Files\Java\jdk1.6.0\bin;C:\Windows\system32;C:\Windows;C:\Windows\System32\Wbem;C:\Windows\System32\WindowsPowerShell\v1.0\;C:\Windows\System32\OpenSSH\;C:\Program Files\nodejs\;C:\Program Files\Git\cmd;C:\Program Files\nodejs;C:\Program Files\Git\cmd;C:\Program Files\heroku\bin;C:\Users\HP\AppData\Local\GitHubDesktop\bin;"C:\JRPCv6;C:\JRPCv6\bin\lib\djrpc.jar";
USERNAME=HP
OS=Windows_NT
PROCESSOR_IDENTIFIER=Intel64 Family 6 Model 142 Stepping 9, GenuineIntel



---------------  S Y S T E M  ---------------

OS: Windows 10.0 , 64 bit Build 19041 (10.0.19041.1645)

CPU:total 4 (initial active 4) (2 cores per cpu, 2 threads per core) family 6 model 142 stepping 9, cmov, cx8, fxsr, mmx, sse, sse2, sse3, ssse3, sse4.1, sse4.2, popcnt, avx, avx2, aes, clmul, erms, 3dnowpref, lzcnt, ht, tsc, tscinvbit, bmi1, bmi2, adx

Memory: 4k page, physical 8303524k(916916k free), swap 23853776k(4192k free)

vm_info: OpenJDK 64-Bit Server VM (25.71-b00) for windows-amd64 JRE (1.8.0-adoptopenjdk-_2018_05_19_00_59-b00), built on May 19 2018 01:02:12 by "jenkins" with MS VC++ 10.0 (VS2010)

time: Tue May 10 13:57:59 2022
elapsed time: 5 seconds (0d 0h 0m 5s)

